[ 2015-05-26T09:30:42+08:00 ] ::1 /weiphp/index.php?s=/addon/Forms/FormsAttribute/lists/forms_id/15.html
ERR: 1054:Unknown column 'sort' in 'order clause'
 [ SQL语句 ] : SELECT `c_id`,`forms_id`,`c_title`,`c_name`,`c_detail`,`id` FROM `wp_forms_zujian` WHERE ( `forms_id` = 15 ) ORDER BY sort asc, id asc LIMIT 0,10  

[ 2015-05-26T09:30:49+08:00 ] ::1 /weiphp/index.php?s=/addon/Forms/FormsValue/lists/forms_id/15.html
ERR: 1054:Unknown column 'forms_id' in 'where clause'
 [ SQL语句 ] : SELECT * FROM `wp_forms_attribute` WHERE ( `forms_id` = 15 ) ORDER BY sort asc, id asc 

[ 2015-05-26T09:38:27+08:00 ] ::1 /weiphp/index.php?s=/addon/Forms/FormsAttribute/lists/forms_id/15.html
ERR: 1054:Unknown column 'sort' in 'order clause'
 [ SQL语句 ] : SELECT `c_id`,`forms_id`,`c_title`,`c_name`,`c_detail`,`id` FROM `wp_forms_zujian` WHERE ( `forms_id` = 15 ) ORDER BY sort asc, id asc LIMIT 0,10  

[ 2015-05-26T09:42:56+08:00 ] ::1 /weiphp/index.php?s=/addon/Forms/FormsAttribute/lists/forms_id/14.html
ERR: 1054:Unknown column 'sort' in 'order clause'
 [ SQL语句 ] : SELECT `c_id`,`forms_id`,`c_title`,`c_name`,`c_detail`,`id` FROM `wp_forms_zujian` WHERE ( `forms_id` = 14 ) ORDER BY sort asc, id asc LIMIT 0,10  

[ 2015-05-26T10:13:45+08:00 ] ::1 /weiphp/index.php?s=/addon/Vote/Vote/add/model/6.html
ERR: 1064:You have an error in your SQL syntax; check the manual that corresponds to your MySQL server version for the right syntax to use near ') ) AND ( `vote_id` = 33 )' at line 1
 [ SQL语句 ] : DELETE FROM `wp_vote_option` WHERE ( `id` NOT IN () ) AND ( `vote_id` = 33 )

[ 2015-05-26T10:27:10+08:00 ] ::1 /weiphp/index.php?s=/addon/Forms/FormsAttribute/lists/forms_id/15.html
ERR: 1054:Unknown column 'sort' in 'order clause'
 [ SQL语句 ] : SELECT `c_id`,`forms_id`,`c_title`,`c_name`,`c_detail`,`id` FROM `wp_forms_zujian` WHERE ( `forms_id` = 15 ) ORDER BY sort asc, id asc LIMIT 0,10  

[ 2015-05-26T10:29:07+08:00 ] ::1 /weiphp/index.php?s=/addon/Forms/FormsAttribute/lists/forms_id/15.html
ERR: 1054:Unknown column 'sort' in 'order clause'
 [ SQL语句 ] : SELECT `c_id`,`forms_id`,`c_title`,`c_name`,`c_detail`,`id` FROM `wp_forms_zujian` WHERE ( `forms_id` = 15 ) ORDER BY sort asc, id asc LIMIT 0,10  

[ 2015-05-26T10:33:38+08:00 ] ::1 /weiphp/index.php?s=/addon/Forms/FormsAttribute/lists/forms_id/15.html
ERR: 1054:Unknown column 'sort' in 'order clause'
 [ SQL语句 ] : SELECT `c_id`,`forms_id`,`c_title`,`c_name`,`c_detail`,`id` FROM `wp_forms_zujian` WHERE ( `forms_id` = 15 ) ORDER BY sort asc, id asc LIMIT 0,10  

[ 2015-05-26T10:36:22+08:00 ] ::1 /weiphp/index.php?s=/addon/Forms/FormsAttribute/lists/forms_id/15.html
ERR: 1054:Unknown column 'sort' in 'order clause'
 [ SQL语句 ] : SELECT `c_id`,`forms_id`,`c_title`,`c_name`,`c_detail`,`id` FROM `wp_forms_zujian` WHERE ( `forms_id` = 15 ) ORDER BY sort asc, id asc LIMIT 0,10  

[ 2015-05-26T10:40:36+08:00 ] ::1 /weiphp/index.php?s=/addon/Forms/FormsAttribute/lists/forms_id/15.html
ERR: 1054:Unknown column 'sort' in 'order clause'
 [ SQL语句 ] : SELECT `c_id`,`forms_id`,`c_title`,`c_name`,`c_detail`,`id` FROM `wp_forms_zujian` WHERE ( `forms_id` = 15 ) ORDER BY sort asc, id asc LIMIT 0,10  

[ 2015-05-26T10:40:40+08:00 ] ::1 /weiphp/index.php?s=/addon/Forms/FormsAttribute/lists/forms_id/15.html
ERR: 1054:Unknown column 'sort' in 'order clause'
 [ SQL语句 ] : SELECT `c_id`,`forms_id`,`c_title`,`c_name`,`c_detail`,`id` FROM `wp_forms_zujian` WHERE ( `forms_id` = 15 ) ORDER BY sort asc, id asc LIMIT 0,10  

[ 2015-05-26T10:40:52+08:00 ] ::1 /weiphp/index.php?s=/addon/Forms/FormsAttribute/lists/forms_id/15.html
ERR: 1054:Unknown column 'sort' in 'order clause'
 [ SQL语句 ] : SELECT `c_id`,`forms_id`,`c_title`,`c_name`,`c_detail`,`id` FROM `wp_forms_zujian` WHERE ( `forms_id` = 15 ) ORDER BY sort asc, id asc LIMIT 0,10  

[ 2015-05-26T11:00:30+08:00 ] ::1 /weiphp/index.php?s=/addon/Forms/FormsAttribute/lists/forms_id/15.html
ERR: 1054:Unknown column 'sort' in 'order clause'
 [ SQL语句 ] : SELECT `c_id`,`forms_id`,`c_title`,`c_name`,`c_detail`,`id` FROM `wp_forms_zujian` WHERE ( `forms_id` = 15 ) ORDER BY sort asc, id asc LIMIT 0,10  

[ 2015-05-26T11:00:35+08:00 ] ::1 /weiphp/index.php?s=/addon/Forms/FormsAttribute/getDataAndShow
ERR: 1048:Column 'forms_id' cannot be null
 [ SQL语句 ] : INSERT INTO `wp_forms_zujian` (`c_id`,`c_name`,`c_title`,`c_detail`,`forms_id`) VALUES ('com1','id_address','地址','',null)
ERR: 1048:Column 'forms_id' cannot be null
 [ SQL语句 ] : INSERT INTO `wp_forms_zujian` (`c_id`,`c_name`,`c_title`,`c_detail`,`forms_id`) VALUES ('com2','id_name','姓名','',null)

[ 2015-05-26T11:01:13+08:00 ] ::1 /weiphp/index.php?s=/addon/Forms/FormsAttribute/getDataAndShow
ERR: 1048:Column 'forms_id' cannot be null
 [ SQL语句 ] : INSERT INTO `wp_forms_zujian` (`c_id`,`c_name`,`c_title`,`c_detail`,`forms_id`) VALUES ('com4','id_name','姓名','',null)
ERR: 1048:Column 'forms_id' cannot be null
 [ SQL语句 ] : INSERT INTO `wp_forms_zujian` (`c_id`,`c_name`,`c_title`,`c_detail`,`forms_id`) VALUES ('com5','id_address','地址','',null)
ERR: 1048:Column 'forms_id' cannot be null
 [ SQL语句 ] : INSERT INTO `wp_forms_zujian` (`c_id`,`c_name`,`c_title`,`c_detail`,`forms_id`) VALUES ('com6','id_phone','手机','',null)

[ 2015-05-26T11:03:53+08:00 ] ::1 /weiphp/index.php?s=/addon/Forms/FormsAttribute/getDataAndShow
ERR: 1048:Column 'forms_id' cannot be null
 [ SQL语句 ] : INSERT INTO `wp_forms_zujian` (`forms_id`,`c_id`,`c_name`,`c_title`,`c_detail`) VALUES (null,'com7','id_name','姓名','')
ERR: 1048:Column 'forms_id' cannot be null
 [ SQL语句 ] : INSERT INTO `wp_forms_zujian` (`forms_id`,`c_id`,`c_name`,`c_title`,`c_detail`) VALUES (null,'com8','id_name','姓名','')
ERR: 1048:Column 'forms_id' cannot be null
 [ SQL语句 ] : INSERT INTO `wp_forms_zujian` (`forms_id`,`c_id`,`c_name`,`c_title`,`c_detail`) VALUES (null,'com9','id_name','姓名','')
ERR: 1048:Column 'forms_id' cannot be null
 [ SQL语句 ] : INSERT INTO `wp_forms_zujian` (`forms_id`,`c_id`,`c_name`,`c_title`,`c_detail`) VALUES (null,'com10','id_name','姓名','')

[ 2015-05-26T11:13:38+08:00 ] ::1 /weiphp/index.php?s=/addon/Forms/FormsAttribute/lists/forms_id/15.html
ERR: 1054:Unknown column 'sort' in 'order clause'
 [ SQL语句 ] : SELECT `c_id`,`forms_id`,`c_title`,`c_name`,`c_detail`,`id` FROM `wp_forms_zujian` WHERE ( `forms_id` = 15 ) ORDER BY sort asc, id asc LIMIT 0,10  

[ 2015-05-26T11:13:45+08:00 ] ::1 /weiphp/index.php?s=/addon/Forms/FormsAttribute/lists/forms_id/15.html
ERR: 1054:Unknown column 'sort' in 'order clause'
 [ SQL语句 ] : SELECT `c_id`,`forms_id`,`c_title`,`c_name`,`c_detail`,`id` FROM `wp_forms_zujian` WHERE ( `forms_id` = 15 ) ORDER BY sort asc, id asc LIMIT 0,10  

[ 2015-05-26T11:14:02+08:00 ] ::1 /weiphp/index.php?s=/addon/Forms/FormsAttribute/lists/forms_id/15.html
ERR: 1054:Unknown column 'sort' in 'order clause'
 [ SQL语句 ] : SELECT `c_id`,`forms_id`,`c_title`,`c_name`,`c_detail`,`id` FROM `wp_forms_zujian` WHERE ( `forms_id` = 15 ) ORDER BY sort asc, id asc LIMIT 0,10  

[ 2015-05-26T11:14:32+08:00 ] ::1 /weiphp/index.php?s=/addon/Forms/FormsAttribute/lists/forms_id/15.html
ERR: 1054:Unknown column 'sort' in 'order clause'
 [ SQL语句 ] : SELECT `c_id`,`forms_id`,`c_title`,`c_name`,`c_detail`,`id` FROM `wp_forms_zujian` WHERE ( `forms_id` = 15 ) ORDER BY sort asc, id asc LIMIT 0,10  

[ 2015-05-26T11:15:02+08:00 ] ::1 /weiphp/index.php?s=/addon/Forms/FormsAttribute/lists/forms_id/15.html
ERR: 1054:Unknown column 'sort' in 'order clause'
 [ SQL语句 ] : SELECT `c_id`,`forms_id`,`c_title`,`c_name`,`c_detail`,`id` FROM `wp_forms_zujian` WHERE ( `forms_id` = 15 ) ORDER BY sort asc, id asc LIMIT 0,10  

[ 2015-05-26T11:15:42+08:00 ] ::1 /weiphp/index.php?s=/addon/Forms/FormsAttribute/lists/forms_id/15.html
ERR: 1054:Unknown column 'sort' in 'order clause'
 [ SQL语句 ] : SELECT `c_id`,`forms_id`,`c_title`,`c_name`,`c_detail`,`id` FROM `wp_forms_zujian` WHERE ( `forms_id` = 15 ) ORDER BY sort asc, id asc LIMIT 0,10  

[ 2015-05-26T11:15:58+08:00 ] ::1 /weiphp/index.php?s=/addon/Forms/FormsAttribute/lists/forms_id/15.html
ERR: 1054:Unknown column 'sort' in 'order clause'
 [ SQL语句 ] : SELECT `c_id`,`forms_id`,`c_title`,`c_name`,`c_detail`,`id` FROM `wp_forms_zujian` WHERE ( `forms_id` = 15 ) ORDER BY sort asc, id asc LIMIT 0,10  

[ 2015-05-26T11:16:11+08:00 ] ::1 /weiphp/index.php?s=/addon/Forms/FormsAttribute/lists/forms_id/15.html
ERR: 1054:Unknown column 'sort' in 'order clause'
 [ SQL语句 ] : SELECT `c_id`,`forms_id`,`c_title`,`c_name`,`c_detail`,`id` FROM `wp_forms_zujian` WHERE ( `forms_id` = 15 ) ORDER BY sort asc, id asc LIMIT 0,10  

[ 2015-05-26T11:16:27+08:00 ] ::1 /weiphp/index.php?s=/addon/Forms/FormsAttribute/lists/forms_id/15.html
ERR: 1054:Unknown column 'sort' in 'order clause'
 [ SQL语句 ] : SELECT `c_id`,`forms_id`,`c_title`,`c_name`,`c_detail`,`id` FROM `wp_forms_zujian` WHERE ( `forms_id` = 15 ) ORDER BY sort asc, id asc LIMIT 0,10  

[ 2015-05-26T11:17:40+08:00 ] ::1 /weiphp/index.php?s=/addon/Forms/FormsAttribute/lists/forms_id/15.html
ERR: 1054:Unknown column 'sort' in 'order clause'
 [ SQL语句 ] : SELECT `c_id`,`forms_id`,`c_title`,`c_name`,`c_detail`,`id` FROM `wp_forms_zujian` WHERE ( `forms_id` = 15 ) ORDER BY sort asc, id asc LIMIT 0,10  

[ 2015-05-26T11:17:45+08:00 ] ::1 /weiphp/index.php?s=/addon/Forms/FormsAttribute/lists/forms_id/15.html
ERR: 1054:Unknown column 'sort' in 'order clause'
 [ SQL语句 ] : SELECT `c_id`,`forms_id`,`c_title`,`c_name`,`c_detail`,`id` FROM `wp_forms_zujian` WHERE ( `forms_id` = 15 ) ORDER BY sort asc, id asc LIMIT 0,10  

[ 2015-05-26T11:17:53+08:00 ] ::1 /weiphp/index.php?s=/addon/Forms/FormsAttribute/getDataAndShow
ERR: 1048:Column 'forms_id' cannot be null
 [ SQL语句 ] : INSERT INTO `wp_forms_zujian` (`forms_id`,`c_id`,`c_name`,`c_title`,`c_detail`) VALUES (null,'com1','id_address','地址','')
ERR: 1048:Column 'forms_id' cannot be null
 [ SQL语句 ] : INSERT INTO `wp_forms_zujian` (`forms_id`,`c_id`,`c_name`,`c_title`,`c_detail`) VALUES (null,'com2','id_name','姓名','')
ERR: 1048:Column 'forms_id' cannot be null
 [ SQL语句 ] : INSERT INTO `wp_forms_zujian` (`forms_id`,`c_id`,`c_name`,`c_title`,`c_detail`) VALUES (null,'com3','id_name','姓名','')

[ 2015-05-26T11:34:40+08:00 ] ::1 /weiphp/index.php?s=/addon/Forms/FormsAttribute/lists/forms_id/15.html
ERR: 1054:Unknown column 'sort' in 'order clause'
 [ SQL语句 ] : SELECT `c_id`,`forms_id`,`c_title`,`c_name`,`c_detail`,`id` FROM `wp_forms_zujian` WHERE ( `forms_id` = 15 ) ORDER BY sort asc, id asc LIMIT 0,10  

[ 2015-05-26T11:34:44+08:00 ] ::1 /weiphp/index.php?s=/addon/Forms/FormsAttribute/getDataAndShow
ERR: 1048:Column 'c_id' cannot be null
 [ SQL语句 ] : INSERT INTO `wp_forms_zujian` (`forms_id`,`c_id`,`c_name`,`c_title`,`c_detail`) VALUES (123,null,'id_address','地址','')
ERR: 1048:Column 'c_id' cannot be null
 [ SQL语句 ] : INSERT INTO `wp_forms_zujian` (`forms_id`,`c_id`,`c_name`,`c_title`,`c_detail`) VALUES (123,null,'id_name','姓名','')

[ 2015-05-26T11:39:18+08:00 ] ::1 /weiphp/index.php?s=/addon/Forms/FormsAttribute/lists/forms_id/15.html
ERR: 1054:Unknown column 'sort' in 'order clause'
 [ SQL语句 ] : SELECT `c_id`,`forms_id`,`c_title`,`c_name`,`c_detail`,`id` FROM `wp_forms_zujian` WHERE ( `forms_id` = 15 ) ORDER BY sort asc, id asc LIMIT 0,10  

[ 2015-05-26T11:39:22+08:00 ] ::1 /weiphp/index.php?s=/addon/Forms/FormsAttribute/getDataAndShow
ERR: 1048:Column 'forms_id' cannot be null
 [ SQL语句 ] : INSERT INTO `wp_forms_zujian` (`forms_id`,`c_id`,`c_name`,`c_title`,`c_detail`) VALUES (null,'com1','id_name','姓名','')
ERR: 1048:Column 'forms_id' cannot be null
 [ SQL语句 ] : INSERT INTO `wp_forms_zujian` (`forms_id`,`c_id`,`c_name`,`c_title`,`c_detail`) VALUES (null,'com2','id_phone','手机','')

[ 2015-05-26T11:41:14+08:00 ] ::1 /weiphp/index.php?s=/addon/Forms/FormsAttribute/lists/forms_id/15.html
ERR: 1054:Unknown column 'sort' in 'order clause'
 [ SQL语句 ] : SELECT `c_id`,`forms_id`,`c_title`,`c_name`,`c_detail`,`id` FROM `wp_forms_zujian` WHERE ( `forms_id` = 15 ) ORDER BY sort asc, id asc LIMIT 0,10  

[ 2015-05-26T11:49:14+08:00 ] ::1 /weiphp/index.php?s=/addon/Forms/FormsAttribute/lists/forms_id/15.html
ERR: 1054:Unknown column 'sort' in 'order clause'
 [ SQL语句 ] : SELECT `c_id`,`forms_id`,`c_title`,`c_name`,`c_detail`,`id` FROM `wp_forms_zujian` WHERE ( `forms_id` = 15 ) ORDER BY sort asc, id asc LIMIT 0,10  

[ 2015-05-26T12:37:58+08:00 ] ::1 /weiphp/index.php?s=/addon/Forms/FormsValue/lists/forms_id/15.html
ERR: 1054:Unknown column 'forms_id' in 'where clause'
 [ SQL语句 ] : SELECT * FROM `wp_forms_attribute` WHERE ( `forms_id` = 15 ) ORDER BY sort asc, id asc 

[ 2015-05-26T12:38:45+08:00 ] ::1 /weiphp/index.php?s=/addon/Forms/FormsValue/lists/forms_id/15.html
ERR: 1054:Unknown column 'forms_id' in 'where clause'
 [ SQL语句 ] : SELECT * FROM `wp_forms_attribute` WHERE ( `forms_id` = 15 ) ORDER BY sort asc, id asc 

[ 2015-05-26T12:46:55+08:00 ] ::1 /weiphp/index.php?s=/addon/Forms/FormsValue/lists/forms_id/15.html
ERR: 1054:Unknown column 'forms_id' in 'where clause'
 [ SQL语句 ] : SELECT * FROM `wp_forms_attribute` WHERE ( `forms_id` = 15 ) ORDER BY sort asc, id asc 

[ 2015-05-26T12:46:56+08:00 ] ::1 /weiphp/index.php?s=/addon/Forms/FormsValue/add/forms_id/15/model/165.html
ERR: 1054:Unknown column 'forms_id' in 'where clause'
 [ SQL语句 ] : SELECT * FROM `wp_forms_attribute` WHERE ( `forms_id` = 15 ) AND ( `token` = 'gh_a58387e4aa4d' ) ORDER BY sort asc, id asc 

[ 2015-05-26T12:49:06+08:00 ] ::1 /weiphp/index.php?s=/addon/Forms/FormsValue/add/forms_id/15/model/165.html
ERR: 1054:Unknown column 'forms_id' in 'where clause'
 [ SQL语句 ] : SELECT * FROM `wp_forms_attribute` WHERE ( `forms_id` = 15 ) AND ( `token` = 'gh_a58387e4aa4d' ) ORDER BY sort asc, id asc 

[ 2015-05-26T12:49:12+08:00 ] ::1 /weiphp/index.php?s=/addon/Forms/FormsValue/add/forms_id/15/model/165.html
ERR: 1054:Unknown column 'forms_id' in 'where clause'
 [ SQL语句 ] : SELECT * FROM `wp_forms_attribute` WHERE ( `forms_id` = 15 ) AND ( `token` = 'gh_a58387e4aa4d' ) ORDER BY sort asc, id asc 

[ 2015-05-26T12:53:34+08:00 ] ::1 /weiphp/index.php?s=/addon/Forms/FormsAttribute/lists/forms_id/15.html
ERR: 1054:Unknown column 'sort' in 'order clause'
 [ SQL语句 ] : SELECT `c_id`,`forms_id`,`c_title`,`c_name`,`c_detail`,`id` FROM `wp_forms_zujian` WHERE ( `forms_id` = 15 ) ORDER BY sort asc, id asc LIMIT 0,10  

[ 2015-05-26T13:16:13+08:00 ] ::1 /weiphp/index.php?s=/addon/Forms/FormsValue/lists/forms_id/15.html
ERR: 1054:Unknown column 'forms_id' in 'where clause'
 [ SQL语句 ] : SELECT * FROM `wp_forms_attribute` WHERE ( `forms_id` = 15 ) ORDER BY sort asc, id asc 

[ 2015-05-26T13:16:15+08:00 ] ::1 /weiphp/index.php?s=/addon/Forms/Forms/FormsAttribute%2Fshow.html
ERR: Think\Controller:FormsAttribute方法不存在！

[ 2015-05-26T13:18:15+08:00 ] ::1 /weiphp/index.php?s=/addon/Forms/Forms/FormsAttribute%2Fshow.html
ERR: Think\Controller:FormsAttribute方法不存在！

[ 2015-05-26T13:18:20+08:00 ] ::1 /weiphp/index.php?s=/addon/Forms/FormsValue/lists/forms_id/15.html
ERR: 1054:Unknown column 'forms_id' in 'where clause'
 [ SQL语句 ] : SELECT * FROM `wp_forms_attribute` WHERE ( `forms_id` = 15 ) ORDER BY sort asc, id asc 

[ 2015-05-26T14:27:43+08:00 ] ::1 /weiphp/index.php?s=/addon/Forms/FormsAttribute/lists/forms_id/15.html
ERR: 1054:Unknown column 'sort' in 'order clause'
 [ SQL语句 ] : SELECT `c_id`,`forms_id`,`c_title`,`c_name`,`c_detail`,`id` FROM `wp_forms_zujian` WHERE ( `forms_id` = 15 ) ORDER BY sort asc, id asc LIMIT 0,10  

[ 2015-05-26T14:27:55+08:00 ] ::1 /weiphp/index.php?s=/addon/Forms/FormsAttribute/getDataAndShow
ERR: 1048:Column 'forms_id' cannot be null
 [ SQL语句 ] : INSERT INTO `wp_forms_zujian` (`forms_id`,`c_id`,`c_name`,`c_title`,`c_detail`) VALUES (null,'com1','id_address','地址','')
ERR: 1048:Column 'forms_id' cannot be null
 [ SQL语句 ] : INSERT INTO `wp_forms_zujian` (`forms_id`,`c_id`,`c_name`,`c_title`,`c_detail`) VALUES (null,'com2','id_name','姓名','')
ERR: 1048:Column 'forms_id' cannot be null
 [ SQL语句 ] : INSERT INTO `wp_forms_zujian` (`forms_id`,`c_id`,`c_name`,`c_title`,`c_detail`) VALUES (null,'com3','id_phone','手机','')

[ 2015-05-26T14:33:01+08:00 ] ::1 /weiphp/index.php?s=/addon/Forms/FormsAttribute/getDataAndShow
ERR: 1048:Column 'forms_id' cannot be null
 [ SQL语句 ] : INSERT INTO `wp_forms_zujian` (`forms_id`,`c_id`,`c_name`,`c_title`,`c_detail`) VALUES (null,'com1','id_address','地址','')
ERR: 1048:Column 'forms_id' cannot be null
 [ SQL语句 ] : INSERT INTO `wp_forms_zujian` (`forms_id`,`c_id`,`c_name`,`c_title`,`c_detail`) VALUES (null,'com2','id_name','姓名','')
ERR: 1048:Column 'forms_id' cannot be null
 [ SQL语句 ] : INSERT INTO `wp_forms_zujian` (`forms_id`,`c_id`,`c_name`,`c_title`,`c_detail`) VALUES (null,'com3','id_phone','手机','')

[ 2015-05-26T14:35:32+08:00 ] ::1 /weiphp/index.php?s=/addon/Forms/FormsValue/lists/forms_id/15.html
ERR: 1054:Unknown column 'forms_id' in 'where clause'
 [ SQL语句 ] : SELECT * FROM `wp_forms_attribute` WHERE ( `forms_id` = 15 ) ORDER BY sort asc, id asc 

[ 2015-05-26T14:39:35+08:00 ] ::1 /weiphp/index.php?s=/addon/Forms/FormsAttribute/lists/forms_id/15.html
ERR: 1054:Unknown column 'sort' in 'order clause'
 [ SQL语句 ] : SELECT `c_id`,`forms_id`,`c_title`,`c_name`,`c_detail`,`id` FROM `wp_forms_zujian` WHERE ( `forms_id` = 15 ) ORDER BY sort asc, id asc LIMIT 0,10  

[ 2015-05-26T14:43:13+08:00 ] ::1 /weiphp/index.php?s=/addon/Forms/FormsAttribute/lists/forms_id/15.html
ERR: 1054:Unknown column 'sort' in 'order clause'
 [ SQL语句 ] : SELECT `c_id`,`forms_id`,`c_title`,`c_name`,`c_detail`,`id` FROM `wp_forms_zujian` WHERE ( `forms_id` = 15 ) ORDER BY sort asc, id asc LIMIT 0,10  

[ 2015-05-26T14:46:31+08:00 ] ::1 /weiphp/index.php?s=/addon/Forms/FormsAttribute/lists/forms_id/15.html
ERR: 1054:Unknown column 'sort' in 'order clause'
 [ SQL语句 ] : SELECT `c_id`,`forms_id`,`c_title`,`c_name`,`c_detail`,`id` FROM `wp_forms_zujian` WHERE ( `forms_id` = 15 ) ORDER BY sort asc, id asc LIMIT 0,10  

[ 2015-05-26T14:52:39+08:00 ] ::1 /weiphp/index.php?s=/addon/Forms/FormsAttribute/lists/forms_id/15.html
ERR: 1054:Unknown column 'sort' in 'order clause'
 [ SQL语句 ] : SELECT `c_id`,`forms_id`,`c_title`,`c_name`,`c_detail`,`id` FROM `wp_forms_zujian` WHERE ( `forms_id` = 15 ) ORDER BY sort asc, id asc LIMIT 0,10  

[ 2015-05-26T15:04:33+08:00 ] ::1 /weiphp/index.php?s=/addon/Forms/FormsAttribute/lists/forms_id/15.html
ERR: 1054:Unknown column 'sort' in 'order clause'
 [ SQL语句 ] : SELECT `c_id`,`forms_id`,`c_title`,`c_name`,`c_detail`,`id` FROM `wp_forms_zujian` WHERE ( `forms_id` = 15 ) ORDER BY sort asc, id asc LIMIT 0,10  

[ 2015-05-26T15:06:53+08:00 ] ::1 /weiphp/index.php?s=/addon/Forms/FormsAttribute/lists/forms_id/15.html
ERR: 1054:Unknown column 'sort' in 'order clause'
 [ SQL语句 ] : SELECT `c_id`,`forms_id`,`c_title`,`c_name`,`c_detail`,`id` FROM `wp_forms_zujian` WHERE ( `forms_id` = 15 ) ORDER BY sort asc, id asc LIMIT 0,10  

[ 2015-05-26T15:13:46+08:00 ] ::1 /weiphp/index.php?s=/addon/Forms/FormsAttribute/lists/forms_id/15.html
ERR: 1054:Unknown column 'sort' in 'order clause'
 [ SQL语句 ] : SELECT `c_id`,`forms_id`,`c_title`,`c_name`,`c_detail`,`id` FROM `wp_forms_zujian` WHERE ( `forms_id` = 15 ) ORDER BY sort asc, id asc LIMIT 0,10  

[ 2015-05-26T15:15:53+08:00 ] ::1 /weiphp/index.php?s=/addon/Forms/FormsAttribute/lists/forms_id/15.html
ERR: 1054:Unknown column 'sort' in 'order clause'
 [ SQL语句 ] : SELECT `c_id`,`forms_id`,`c_title`,`c_name`,`c_detail`,`id` FROM `wp_forms_zujian` WHERE ( `forms_id` = 15 ) ORDER BY sort asc, id asc LIMIT 0,10  

[ 2015-05-26T15:20:32+08:00 ] ::1 /weiphp/index.php?s=/addon/Forms/FormsAttribute/lists/forms_id/15.html
ERR: 1054:Unknown column 'sort' in 'order clause'
 [ SQL语句 ] : SELECT `c_id`,`forms_id`,`c_title`,`c_name`,`c_detail`,`id` FROM `wp_forms_zujian` WHERE ( `forms_id` = 15 ) ORDER BY sort asc, id asc LIMIT 0,10  

[ 2015-05-26T15:25:46+08:00 ] ::1 /weiphp/index.php?s=/addon/Forms/FormsAttribute/lists/forms_id/15.html
ERR: 1054:Unknown column 'sort' in 'order clause'
 [ SQL语句 ] : SELECT `c_id`,`forms_id`,`c_title`,`c_name`,`c_detail`,`id` FROM `wp_forms_zujian` WHERE ( `forms_id` = 15 ) ORDER BY sort asc, id asc LIMIT 0,10  

[ 2015-05-26T15:26:57+08:00 ] ::1 /weiphp/index.php?s=/addon/Forms/FormsAttribute/lists/forms_id/15.html
ERR: 1054:Unknown column 'sort' in 'order clause'
 [ SQL语句 ] : SELECT `c_id`,`forms_id`,`c_title`,`c_name`,`c_detail`,`id` FROM `wp_forms_zujian` WHERE ( `forms_id` = 15 ) ORDER BY sort asc, id asc LIMIT 0,10  

[ 2015-05-26T15:29:44+08:00 ] ::1 /weiphp/index.php?s=/addon/Forms/FormsAttribute/lists/forms_id/15.html
ERR: 1054:Unknown column 'sort' in 'order clause'
 [ SQL语句 ] : SELECT `c_id`,`forms_id`,`c_title`,`c_name`,`c_detail`,`id` FROM `wp_forms_zujian` WHERE ( `forms_id` = 15 ) ORDER BY sort asc, id asc LIMIT 0,10  

[ 2015-05-26T15:39:46+08:00 ] ::1 /weiphp/index.php?s=/addon/Forms/FormsAttribute/lists/forms_id/15.html
ERR: 1054:Unknown column 'sort' in 'order clause'
 [ SQL语句 ] : SELECT `c_id`,`forms_id`,`c_title`,`c_name`,`c_detail`,`id` FROM `wp_forms_zujian` WHERE ( `forms_id` = 15 ) ORDER BY sort asc, id asc LIMIT 0,10  

[ 2015-05-26T15:41:50+08:00 ] ::1 /weiphp/index.php?s=/addon/Forms/FormsAttribute/lists/forms_id/15.html
ERR: 1054:Unknown column 'sort' in 'order clause'
 [ SQL语句 ] : SELECT `c_id`,`forms_id`,`c_title`,`c_name`,`c_detail`,`id` FROM `wp_forms_zujian` WHERE ( `forms_id` = 15 ) ORDER BY sort asc, id asc LIMIT 0,10  

[ 2015-05-26T15:44:10+08:00 ] ::1 /weiphp/index.php?s=/addon/Forms/FormsAttribute/lists/forms_id/15.html
ERR: 1054:Unknown column 'sort' in 'order clause'
 [ SQL语句 ] : SELECT `c_id`,`forms_id`,`c_title`,`c_name`,`c_detail`,`id` FROM `wp_forms_zujian` WHERE ( `forms_id` = 15 ) ORDER BY sort asc, id asc LIMIT 0,10  

[ 2015-05-26T15:47:38+08:00 ] ::1 /weiphp/index.php?s=/addon/Forms/FormsAttribute/lists/forms_id/15.html
ERR: 1054:Unknown column 'sort' in 'order clause'
 [ SQL语句 ] : SELECT `c_id`,`forms_id`,`c_title`,`c_name`,`c_detail`,`id` FROM `wp_forms_zujian` WHERE ( `forms_id` = 15 ) ORDER BY sort asc, id asc LIMIT 0,10  

[ 2015-05-26T15:49:50+08:00 ] ::1 /weiphp/index.php?s=/addon/Forms/FormsAttribute/lists/forms_id/15.html
ERR: 1054:Unknown column 'sort' in 'order clause'
 [ SQL语句 ] : SELECT `c_id`,`forms_id`,`c_title`,`c_name`,`c_detail`,`id` FROM `wp_forms_zujian` WHERE ( `forms_id` = 15 ) ORDER BY sort asc, id asc LIMIT 0,10  

[ 2015-05-26T15:52:49+08:00 ] ::1 /weiphp/index.php?s=/addon/Forms/FormsAttribute/lists/forms_id/15.html
ERR: 1054:Unknown column 'sort' in 'order clause'
 [ SQL语句 ] : SELECT `c_id`,`forms_id`,`c_title`,`c_name`,`c_detail`,`id` FROM `wp_forms_zujian` WHERE ( `forms_id` = 15 ) ORDER BY sort asc, id asc LIMIT 0,10  

[ 2015-05-26T16:16:00+08:00 ] ::1 /weiphp/index.php?s=/addon/Forms/FormsAttribute/lists/forms_id/15.html
ERR: 1054:Unknown column 'sort' in 'order clause'
 [ SQL语句 ] : SELECT `c_id`,`forms_id`,`c_title`,`c_name`,`c_detail`,`id` FROM `wp_forms_zujian` WHERE ( `forms_id` = 15 ) ORDER BY sort asc, id asc LIMIT 0,10  

[ 2015-05-26T16:17:44+08:00 ] ::1 /weiphp/index.php?s=/addon/Forms/FormsAttribute/lists/forms_id/15.html
ERR: 1054:Unknown column 'sort' in 'order clause'
 [ SQL语句 ] : SELECT `c_id`,`forms_id`,`c_title`,`c_name`,`c_detail`,`id` FROM `wp_forms_zujian` WHERE ( `forms_id` = 15 ) ORDER BY sort asc, id asc LIMIT 0,10  

[ 2015-05-26T16:21:33+08:00 ] ::1 /weiphp/index.php?s=/addon/Forms/FormsValue/lists/forms_id/15.html
ERR: 1054:Unknown column 'forms_users' in 'order clause'
 [ SQL语句 ] : SELECT `id`,`uid`,`openid`,`forms_id`,`value`,`cTime`,`token` FROM `wp_forms_value` WHERE ( `token` = 'gh_a58387e4aa4d' ) ORDER BY forms_users asc LIMIT 0,10  

[ 2015-05-26T16:29:13+08:00 ] ::1 /weiphp/index.php?s=/addon/Forms/FormsAttribute/lists/forms_id/15.html
ERR: 1054:Unknown column 'sort' in 'order clause'
 [ SQL语句 ] : SELECT `c_id`,`forms_id`,`c_title`,`c_name`,`c_detail`,`id` FROM `wp_forms_zujian` WHERE ( `forms_id` = 15 ) ORDER BY sort asc, id asc LIMIT 0,10  

[ 2015-05-26T17:04:50+08:00 ] ::1 /weiphp/index.php?s=/addon/Forms/FormsAttribute/lists/forms_id/15.html
ERR: 1054:Unknown column 'sort' in 'order clause'
 [ SQL语句 ] : SELECT `c_id`,`forms_id`,`c_title`,`c_name`,`c_detail`,`id` FROM `wp_forms_zujian` WHERE ( `forms_id` = 15 ) ORDER BY sort asc, id asc LIMIT 0,10  

[ 2015-05-26T17:05:15+08:00 ] ::1 /weiphp/index.php?s=/addon/Forms/FormsAttribute/lists/forms_id/14.html
ERR: 1054:Unknown column 'sort' in 'order clause'
 [ SQL语句 ] : SELECT `c_id`,`forms_id`,`c_title`,`c_name`,`c_detail`,`id` FROM `wp_forms_zujian` WHERE ( `forms_id` = 14 ) ORDER BY sort asc, id asc LIMIT 0,10  

[ 2015-05-26T17:10:13+08:00 ] ::1 /weiphp/index.php?s=/addon/Forms/FormsAttribute/lists/forms_id/15.html
ERR: 1054:Unknown column 'sort' in 'order clause'
 [ SQL语句 ] : SELECT `c_id`,`forms_id`,`c_title`,`c_name`,`c_detail`,`id` FROM `wp_forms_zujian` WHERE ( `forms_id` = 15 ) ORDER BY sort asc, id asc LIMIT 0,10  

[ 2015-05-26T17:12:07+08:00 ] ::1 /weiphp/index.php?s=/addon/Forms/FormsAttribute/lists/forms_id/15.html
ERR: 1054:Unknown column 'sort' in 'order clause'
 [ SQL语句 ] : SELECT `c_id`,`forms_id`,`c_title`,`c_name`,`c_detail`,`id` FROM `wp_forms_zujian` WHERE ( `forms_id` = 15 ) ORDER BY sort asc, id asc LIMIT 0,10  

[ 2015-05-26T17:13:59+08:00 ] ::1 /weiphp/index.php?s=/addon/Forms/FormsAttribute/lists/forms_id/15.html
ERR: 1054:Unknown column 'sort' in 'order clause'
 [ SQL语句 ] : SELECT `c_id`,`forms_id`,`c_title`,`c_name`,`c_detail`,`id` FROM `wp_forms_zujian` WHERE ( `forms_id` = 15 ) ORDER BY sort asc, id asc LIMIT 0,10  

[ 2015-05-26T17:17:04+08:00 ] ::1 /weiphp/index.php?s=/addon/Forms/FormsAttribute/lists/forms_id/15.html
ERR: 1054:Unknown column 'sort' in 'order clause'
 [ SQL语句 ] : SELECT `c_id`,`forms_id`,`c_title`,`c_name`,`c_detail`,`id` FROM `wp_forms_zujian` WHERE ( `forms_id` = 15 ) ORDER BY sort asc, id asc LIMIT 0,10  

[ 2015-05-26T17:20:17+08:00 ] ::1 /weiphp/index.php?s=/addon/Forms/FormsAttribute/lists/forms_id/15.html
ERR: 1054:Unknown column 'sort' in 'order clause'
 [ SQL语句 ] : SELECT `c_id`,`forms_id`,`c_title`,`c_name`,`c_detail`,`id` FROM `wp_forms_zujian` WHERE ( `forms_id` = 15 ) ORDER BY sort asc, id asc LIMIT 0,10  

[ 2015-05-26T17:20:25+08:00 ] ::1 /weiphp/index.php?s=/addon/Forms/FormsAttribute/lists/forms_id/15.html
ERR: 1054:Unknown column 'sort' in 'order clause'
 [ SQL语句 ] : SELECT `c_id`,`forms_id`,`c_title`,`c_name`,`c_detail`,`id` FROM `wp_forms_zujian` WHERE ( `forms_id` = 15 ) ORDER BY sort asc, id asc LIMIT 0,10  

[ 2015-05-26T17:21:43+08:00 ] ::1 /weiphp/index.php?s=/addon/Forms/FormsAttribute/lists/forms_id/15.html
ERR: 1054:Unknown column 'sort' in 'order clause'
 [ SQL语句 ] : SELECT `c_id`,`forms_id`,`c_title`,`c_name`,`c_detail`,`id` FROM `wp_forms_zujian` WHERE ( `forms_id` = 15 ) ORDER BY sort asc, id asc LIMIT 0,10  

[ 2015-05-26T17:21:51+08:00 ] ::1 /weiphp/index.php?s=/addon/Forms/FormsAttribute/lists/forms_id/15.html
ERR: 1054:Unknown column 'sort' in 'order clause'
 [ SQL语句 ] : SELECT `c_id`,`forms_id`,`c_title`,`c_name`,`c_detail`,`id` FROM `wp_forms_zujian` WHERE ( `forms_id` = 15 ) ORDER BY sort asc, id asc LIMIT 0,10  

[ 2015-05-26T17:30:31+08:00 ] ::1 /weiphp/index.php?s=/addon/Forms/FormsAttribute/lists/forms_id/15.html
ERR: 1054:Unknown column 'sort' in 'order clause'
 [ SQL语句 ] : SELECT `c_id`,`forms_id`,`c_title`,`c_name`,`c_detail`,`id` FROM `wp_forms_zujian` WHERE ( `forms_id` = 15 ) ORDER BY sort asc, id asc LIMIT 0,10  

[ 2015-05-26T17:30:36+08:00 ] ::1 /weiphp/index.php?s=/addon/Forms/FormsAttribute/lists/forms_id/15.html
ERR: 1054:Unknown column 'sort' in 'order clause'
 [ SQL语句 ] : SELECT `c_id`,`forms_id`,`c_title`,`c_name`,`c_detail`,`id` FROM `wp_forms_zujian` WHERE ( `forms_id` = 15 ) ORDER BY sort asc, id asc LIMIT 0,10  

[ 2015-05-26T17:31:18+08:00 ] ::1 /weiphp/index.php?s=/addon/Forms/FormsAttribute/lists/forms_id/15.html
ERR: 1054:Unknown column 'sort' in 'order clause'
 [ SQL语句 ] : SELECT `c_id`,`forms_id`,`c_title`,`c_name`,`c_detail`,`id` FROM `wp_forms_zujian` WHERE ( `forms_id` = 15 ) ORDER BY sort asc, id asc LIMIT 0,10  

[ 2015-05-26T17:31:46+08:00 ] ::1 /weiphp/index.php?s=/addon/Forms/FormsAttribute/lists/forms_id/15.html
ERR: 1054:Unknown column 'sort' in 'order clause'
 [ SQL语句 ] : SELECT `c_id`,`forms_id`,`c_title`,`c_name`,`c_detail`,`id` FROM `wp_forms_zujian` WHERE ( `forms_id` = 15 ) ORDER BY sort asc, id asc LIMIT 0,10  

[ 2015-05-26T17:32:01+08:00 ] ::1 /weiphp/index.php?s=/addon/Forms/FormsAttribute/lists/forms_id/15.html
ERR: 1054:Unknown column 'sort' in 'order clause'
 [ SQL语句 ] : SELECT `c_id`,`forms_id`,`c_title`,`c_name`,`c_detail`,`id` FROM `wp_forms_zujian` WHERE ( `forms_id` = 15 ) ORDER BY sort asc, id asc LIMIT 0,10  

[ 2015-05-26T17:32:14+08:00 ] ::1 /weiphp/index.php?s=/addon/Forms/FormsAttribute/lists/forms_id/15.html
ERR: 1054:Unknown column 'sort' in 'order clause'
 [ SQL语句 ] : SELECT `c_id`,`forms_id`,`c_title`,`c_name`,`c_detail`,`id` FROM `wp_forms_zujian` WHERE ( `forms_id` = 15 ) ORDER BY sort asc, id asc LIMIT 0,10  

[ 2015-05-26T17:34:32+08:00 ] ::1 /weiphp/index.php?s=/addon/Forms/FormsAttribute/lists/forms_id/15.html
ERR: 1054:Unknown column 'sort' in 'order clause'
 [ SQL语句 ] : SELECT `c_id`,`forms_id`,`c_title`,`c_name`,`c_detail`,`id` FROM `wp_forms_zujian` WHERE ( `forms_id` = 15 ) ORDER BY sort asc, id asc LIMIT 0,10  

[ 2015-05-26T17:34:59+08:00 ] ::1 /weiphp/index.php?s=/addon/Forms/FormsAttribute/lists/forms_id/15.html
ERR: 1054:Unknown column 'sort' in 'order clause'
 [ SQL语句 ] : SELECT `c_id`,`forms_id`,`c_title`,`c_name`,`c_detail`,`id` FROM `wp_forms_zujian` WHERE ( `forms_id` = 15 ) ORDER BY sort asc, id asc LIMIT 0,10  

[ 2015-05-26T17:35:20+08:00 ] ::1 /weiphp/index.php?s=/addon/Forms/FormsAttribute/lists/forms_id/15.html
ERR: 1054:Unknown column 'sort' in 'order clause'
 [ SQL语句 ] : SELECT `c_id`,`forms_id`,`c_title`,`c_name`,`c_detail`,`id` FROM `wp_forms_zujian` WHERE ( `forms_id` = 15 ) ORDER BY sort asc, id asc LIMIT 0,10  

[ 2015-05-26T17:36:15+08:00 ] ::1 /weiphp/index.php?s=/addon/Forms/FormsAttribute/lists/forms_id/15.html
ERR: 1054:Unknown column 'sort' in 'order clause'
 [ SQL语句 ] : SELECT `c_id`,`forms_id`,`c_title`,`c_name`,`c_detail`,`id` FROM `wp_forms_zujian` WHERE ( `forms_id` = 15 ) ORDER BY sort asc, id asc LIMIT 0,10  

[ 2015-05-26T17:37:13+08:00 ] ::1 /weiphp/index.php?s=/addon/Forms/FormsAttribute/lists/forms_id/15.html
ERR: 1054:Unknown column 'sort' in 'order clause'
 [ SQL语句 ] : SELECT `c_id`,`forms_id`,`c_title`,`c_name`,`c_detail`,`id` FROM `wp_forms_zujian` WHERE ( `forms_id` = 15 ) ORDER BY sort asc, id asc LIMIT 0,10  

[ 2015-05-26T17:39:04+08:00 ] ::1 /weiphp/index.php?s=/addon/Forms/FormsAttribute/lists/forms_id/15.html
ERR: 1054:Unknown column 'sort' in 'order clause'
 [ SQL语句 ] : SELECT `c_id`,`forms_id`,`c_title`,`c_name`,`c_detail`,`id` FROM `wp_forms_zujian` WHERE ( `forms_id` = 15 ) ORDER BY sort asc, id asc LIMIT 0,10  

[ 2015-05-26T17:46:50+08:00 ] ::1 /weiphp/index.php?s=/addon/Forms/FormsAttribute/lists/forms_id/15.html
ERR: 1054:Unknown column 'sort' in 'order clause'
 [ SQL语句 ] : SELECT `c_id`,`forms_id`,`c_title`,`c_name`,`c_detail`,`id` FROM `wp_forms_zujian` WHERE ( `forms_id` = 15 ) ORDER BY sort asc, id asc LIMIT 0,10  

[ 2015-05-26T18:18:50+08:00 ] ::1 /weiphp/index.php?s=/addon/Forms/FormsAttribute/lists/forms_id/15.html
ERR: 1054:Unknown column 'sort' in 'order clause'
 [ SQL语句 ] : SELECT `c_id`,`forms_id`,`c_title`,`c_name`,`c_detail`,`id` FROM `wp_forms_zujian` WHERE ( `forms_id` = 15 ) ORDER BY sort asc, id asc LIMIT 0,10  

[ 2015-05-26T18:19:19+08:00 ] ::1 /weiphp/index.php?s=/addon/Forms/FormsAttribute/lists/forms_id/15.html
ERR: 1054:Unknown column 'sort' in 'order clause'
 [ SQL语句 ] : SELECT `c_id`,`forms_id`,`c_title`,`c_name`,`c_detail`,`id` FROM `wp_forms_zujian` WHERE ( `forms_id` = 15 ) ORDER BY sort asc, id asc LIMIT 0,10  

[ 2015-05-26T18:21:49+08:00 ] ::1 /weiphp/index.php?s=/addon/Forms/FormsAttribute/lists/forms_id/15.html
ERR: 1054:Unknown column 'sort' in 'order clause'
 [ SQL语句 ] : SELECT `c_id`,`forms_id`,`c_title`,`c_name`,`c_detail`,`id` FROM `wp_forms_zujian` WHERE ( `forms_id` = 15 ) ORDER BY sort asc, id asc LIMIT 0,10  

[ 2015-05-26T18:22:23+08:00 ] ::1 /weiphp/index.php?s=/addon/Forms/FormsAttribute/lists/forms_id/15.html
ERR: 1054:Unknown column 'sort' in 'order clause'
 [ SQL语句 ] : SELECT `c_id`,`forms_id`,`c_title`,`c_name`,`c_detail`,`id` FROM `wp_forms_zujian` WHERE ( `forms_id` = 15 ) ORDER BY sort asc, id asc LIMIT 0,10  

[ 2015-05-26T21:47:27+08:00 ] ::1 /weiphp/index.php?s=/addon/Forms/FormsAttribute/lists/forms_id/15.html
ERR: 1054:Unknown column 'sort' in 'order clause'
 [ SQL语句 ] : SELECT `c_id`,`forms_id`,`c_title`,`c_name`,`c_detail`,`id` FROM `wp_forms_zujian` WHERE ( `forms_id` = 15 ) ORDER BY sort asc, id asc LIMIT 0,10  

[ 2015-05-26T21:50:09+08:00 ] ::1 /weiphp/index.php?s=/addon/Forms/FormsAttribute/lists/forms_id/15.html
ERR: 1054:Unknown column 'sort' in 'order clause'
 [ SQL语句 ] : SELECT `c_id`,`forms_id`,`c_title`,`c_name`,`c_detail`,`id` FROM `wp_forms_zujian` WHERE ( `forms_id` = 15 ) ORDER BY sort asc, id asc LIMIT 0,10  

[ 2015-05-26T21:52:48+08:00 ] ::1 /weiphp/index.php?s=/addon/Forms/FormsAttribute/lists/forms_id/15.html
ERR: 1054:Unknown column 'sort' in 'order clause'
 [ SQL语句 ] : SELECT `c_id`,`forms_id`,`c_title`,`c_name`,`c_detail`,`id` FROM `wp_forms_zujian` WHERE ( `forms_id` = 15 ) ORDER BY sort asc, id asc LIMIT 0,10  

[ 2015-05-26T21:55:59+08:00 ] ::1 /weiphp/index.php?s=/addon/Forms/FormsAttribute/lists/forms_id/15.html
ERR: 1054:Unknown column 'sort' in 'order clause'
 [ SQL语句 ] : SELECT `c_id`,`forms_id`,`c_title`,`c_name`,`c_detail`,`id` FROM `wp_forms_zujian` WHERE ( `forms_id` = 15 ) ORDER BY sort asc, id asc LIMIT 0,10  

[ 2015-05-26T21:57:07+08:00 ] ::1 /weiphp/index.php?s=/addon/Forms/FormsAttribute/lists/forms_id/15.html
ERR: 1054:Unknown column 'sort' in 'order clause'
 [ SQL语句 ] : SELECT `c_id`,`forms_id`,`c_title`,`c_name`,`c_detail`,`id` FROM `wp_forms_zujian` WHERE ( `forms_id` = 15 ) ORDER BY sort asc, id asc LIMIT 0,10  

[ 2015-05-26T22:10:56+08:00 ] ::1 /weiphp/index.php?s=/addon/Forms/FormsAttribute/lists/forms_id/15.html
ERR: 1054:Unknown column 'sort' in 'order clause'
 [ SQL语句 ] : SELECT `c_id`,`forms_id`,`c_title`,`c_name`,`c_detail`,`id` FROM `wp_forms_zujian` WHERE ( `forms_id` = 15 ) ORDER BY sort asc, id asc LIMIT 0,10  

[ 2015-05-26T22:12:49+08:00 ] ::1 /weiphp/index.php?s=/addon/Forms/FormsAttribute/lists/forms_id/15.html
ERR: 1054:Unknown column 'sort' in 'order clause'
 [ SQL语句 ] : SELECT `c_id`,`forms_id`,`c_title`,`c_name`,`c_detail`,`id` FROM `wp_forms_zujian` WHERE ( `forms_id` = 15 ) ORDER BY sort asc, id asc LIMIT 0,10  

[ 2015-05-26T22:13:49+08:00 ] ::1 /weiphp/index.php?s=/addon/Forms/FormsAttribute/lists/forms_id/15.html
ERR: 1054:Unknown column 'sort' in 'order clause'
 [ SQL语句 ] : SELECT `c_id`,`forms_id`,`c_title`,`c_name`,`c_detail`,`id` FROM `wp_forms_zujian` WHERE ( `forms_id` = 15 ) ORDER BY sort asc, id asc LIMIT 0,10  

[ 2015-05-26T22:15:07+08:00 ] ::1 /weiphp/index.php?s=/addon/Forms/FormsAttribute/lists/forms_id/15.html
ERR: 1054:Unknown column 'sort' in 'order clause'
 [ SQL语句 ] : SELECT `c_id`,`forms_id`,`c_title`,`c_name`,`c_detail`,`id` FROM `wp_forms_zujian` WHERE ( `forms_id` = 15 ) ORDER BY sort asc, id asc LIMIT 0,10  

[ 2015-05-26T22:15:16+08:00 ] ::1 /weiphp/index.php?s=/addon/Forms/FormsAttribute/lists/m/Home/forms_id/15/p/2.html
ERR: 1054:Unknown column 'sort' in 'order clause'
 [ SQL语句 ] : SELECT `c_id`,`forms_id`,`c_title`,`c_name`,`c_detail`,`id` FROM `wp_forms_zujian` WHERE ( `forms_id` = 15 ) ORDER BY sort asc, id asc LIMIT 10,10  

[ 2015-05-26T22:15:29+08:00 ] ::1 /weiphp/index.php?s=/addon/Forms/FormsAttribute/lists/forms_id/15.html
ERR: 1054:Unknown column 'sort' in 'order clause'
 [ SQL语句 ] : SELECT `c_id`,`forms_id`,`c_title`,`c_name`,`c_detail`,`id` FROM `wp_forms_zujian` WHERE ( `forms_id` = 15 ) ORDER BY sort asc, id asc LIMIT 0,10  

[ 2015-05-26T22:15:50+08:00 ] ::1 /weiphp/index.php?s=/addon/Forms/FormsAttribute/lists/forms_id/14.html
ERR: 1054:Unknown column 'sort' in 'order clause'
 [ SQL语句 ] : SELECT `c_id`,`forms_id`,`c_title`,`c_name`,`c_detail`,`id` FROM `wp_forms_zujian` WHERE ( `forms_id` = 14 ) ORDER BY sort asc, id asc LIMIT 0,10  

[ 2015-05-26T22:16:11+08:00 ] ::1 /weiphp/index.php?s=/addon/Forms/FormsAttribute/lists/forms_id/14.html
ERR: 1054:Unknown column 'sort' in 'order clause'
 [ SQL语句 ] : SELECT `c_id`,`forms_id`,`c_title`,`c_name`,`c_detail`,`id` FROM `wp_forms_zujian` WHERE ( `forms_id` = 14 ) ORDER BY sort asc, id asc LIMIT 0,10  

[ 2015-05-26T22:16:20+08:00 ] ::1 /weiphp/index.php?s=/addon/Forms/FormsAttribute/lists/forms_id/14.html
ERR: 1054:Unknown column 'sort' in 'order clause'
 [ SQL语句 ] : SELECT `c_id`,`forms_id`,`c_title`,`c_name`,`c_detail`,`id` FROM `wp_forms_zujian` WHERE ( `forms_id` = 14 ) ORDER BY sort asc, id asc LIMIT 0,10  

[ 2015-05-26T22:16:25+08:00 ] ::1 /weiphp/index.php?s=/addon/Forms/FormsAttribute/lists/forms_id/15.html
ERR: 1054:Unknown column 'sort' in 'order clause'
 [ SQL语句 ] : SELECT `c_id`,`forms_id`,`c_title`,`c_name`,`c_detail`,`id` FROM `wp_forms_zujian` WHERE ( `forms_id` = 15 ) ORDER BY sort asc, id asc LIMIT 0,10  

[ 2015-05-26T22:17:03+08:00 ] ::1 /weiphp/index.php?s=/addon/Forms/FormsAttribute/lists/forms_id/15.html
ERR: 1054:Unknown column 'sort' in 'order clause'
 [ SQL语句 ] : SELECT `c_id`,`forms_id`,`c_title`,`c_name`,`c_detail`,`id` FROM `wp_forms_zujian` WHERE ( `forms_id` = 15 ) ORDER BY sort asc, id asc LIMIT 0,10  

[ 2015-05-26T22:18:12+08:00 ] ::1 /weiphp/index.php?s=/addon/Forms/FormsAttribute/lists/forms_id/15.html
ERR: 1054:Unknown column 'sort' in 'order clause'
 [ SQL语句 ] : SELECT `c_id`,`forms_id`,`c_title`,`c_name`,`c_detail`,`id` FROM `wp_forms_zujian` WHERE ( `forms_id` = 15 ) ORDER BY sort asc, id asc LIMIT 0,10  

[ 2015-05-26T22:19:22+08:00 ] ::1 /weiphp/index.php?s=/addon/Forms/FormsAttribute/lists/forms_id/15.html
ERR: 1054:Unknown column 'sort' in 'order clause'
 [ SQL语句 ] : SELECT `c_id`,`forms_id`,`c_title`,`c_name`,`c_detail`,`id` FROM `wp_forms_zujian` WHERE ( `forms_id` = 15 ) ORDER BY sort asc, id asc LIMIT 0,10  

[ 2015-05-26T22:20:36+08:00 ] ::1 /weiphp/index.php?s=/addon/Forms/FormsAttribute/lists/forms_id/15.html
ERR: 1054:Unknown column 'sort' in 'order clause'
 [ SQL语句 ] : SELECT `c_id`,`forms_id`,`c_title`,`c_name`,`c_detail`,`id` FROM `wp_forms_zujian` WHERE ( `forms_id` = 15 ) ORDER BY sort asc, id asc LIMIT 0,10  

[ 2015-05-26T22:22:08+08:00 ] ::1 /weiphp/index.php?s=/addon/Forms/FormsAttribute/lists/forms_id/15.html
ERR: 1054:Unknown column 'sort' in 'order clause'
 [ SQL语句 ] : SELECT `c_id`,`forms_id`,`c_title`,`c_name`,`c_detail`,`id` FROM `wp_forms_zujian` WHERE ( `forms_id` = 15 ) ORDER BY sort asc, id asc LIMIT 0,10  

[ 2015-05-26T22:22:30+08:00 ] ::1 /weiphp/index.php?s=/addon/Forms/FormsAttribute/lists/forms_id/15.html
ERR: 1054:Unknown column 'sort' in 'order clause'
 [ SQL语句 ] : SELECT `c_id`,`forms_id`,`c_title`,`c_name`,`c_detail`,`id` FROM `wp_forms_zujian` WHERE ( `forms_id` = 15 ) ORDER BY sort asc, id asc LIMIT 0,10  

[ 2015-05-26T22:23:14+08:00 ] ::1 /weiphp/index.php?s=/addon/Forms/FormsAttribute/lists/forms_id/15.html
ERR: 1054:Unknown column 'sort' in 'order clause'
 [ SQL语句 ] : SELECT `c_id`,`forms_id`,`c_title`,`c_name`,`c_detail`,`id` FROM `wp_forms_zujian` WHERE ( `forms_id` = 15 ) ORDER BY sort asc, id asc LIMIT 0,10  

[ 2015-05-26T22:23:35+08:00 ] ::1 /weiphp/index.php?s=/addon/Forms/FormsAttribute/lists/forms_id/15.html
ERR: 1054:Unknown column 'sort' in 'order clause'
 [ SQL语句 ] : SELECT `c_id`,`forms_id`,`c_title`,`c_name`,`c_detail`,`id` FROM `wp_forms_zujian` WHERE ( `forms_id` = 15 ) ORDER BY sort asc, id asc LIMIT 0,10  

[ 2015-05-26T22:24:20+08:00 ] ::1 /weiphp/index.php?s=/addon/Forms/FormsAttribute/lists/forms_id/15.html
ERR: 1054:Unknown column 'sort' in 'order clause'
 [ SQL语句 ] : SELECT `c_id`,`forms_id`,`c_title`,`c_name`,`c_detail`,`id` FROM `wp_forms_zujian` WHERE ( `forms_id` = 15 ) ORDER BY sort asc, id asc LIMIT 0,10  

[ 2015-05-26T22:25:06+08:00 ] ::1 /weiphp/index.php?s=/addon/Forms/FormsAttribute/lists/forms_id/15.html
ERR: 1054:Unknown column 'sort' in 'order clause'
 [ SQL语句 ] : SELECT `c_id`,`forms_id`,`c_title`,`c_name`,`c_detail`,`id` FROM `wp_forms_zujian` WHERE ( `forms_id` = 15 ) ORDER BY sort asc, id asc LIMIT 0,10  

[ 2015-05-26T22:25:46+08:00 ] ::1 /weiphp/index.php?s=/addon/Forms/FormsAttribute/lists/forms_id/15.html
ERR: 1054:Unknown column 'sort' in 'order clause'
 [ SQL语句 ] : SELECT `c_id`,`forms_id`,`c_title`,`c_name`,`c_detail`,`id` FROM `wp_forms_zujian` WHERE ( `forms_id` = 15 ) ORDER BY sort asc, id asc LIMIT 0,10  

[ 2015-05-26T22:31:10+08:00 ] ::1 /weiphp/index.php?s=/addon/Forms/FormsAttribute/lists/forms_id/15.html
ERR: 1054:Unknown column 'sort' in 'order clause'
 [ SQL语句 ] : SELECT `c_id`,`forms_id`,`c_title`,`c_name`,`c_detail`,`id` FROM `wp_forms_zujian` WHERE ( `forms_id` = 15 ) ORDER BY sort asc, id asc LIMIT 0,10  

[ 2015-05-26T22:40:40+08:00 ] ::1 /weiphp/index.php?s=/addon/Forms/FormsAttribute/lists/forms_id/15.html
ERR: 1054:Unknown column 'sort' in 'order clause'
 [ SQL语句 ] : SELECT `c_id`,`forms_id`,`c_title`,`c_name`,`c_detail`,`id` FROM `wp_forms_zujian` WHERE ( `forms_id` = 15 ) ORDER BY sort asc, id asc LIMIT 0,10  

[ 2015-05-26T22:42:17+08:00 ] ::1 /weiphp/index.php?s=/addon/Forms/FormsAttribute/lists/forms_id/15.html
ERR: 1054:Unknown column 'sort' in 'order clause'
 [ SQL语句 ] : SELECT `c_id`,`forms_id`,`c_title`,`c_name`,`c_detail`,`id` FROM `wp_forms_zujian` WHERE ( `forms_id` = 15 ) ORDER BY sort asc, id asc LIMIT 0,10  

[ 2015-05-26T22:44:29+08:00 ] ::1 /weiphp/index.php?s=/addon/Forms/FormsAttribute/lists/forms_id/15.html
ERR: 1054:Unknown column 'sort' in 'order clause'
 [ SQL语句 ] : SELECT `c_id`,`forms_id`,`c_title`,`c_name`,`c_detail`,`id` FROM `wp_forms_zujian` WHERE ( `forms_id` = 15 ) ORDER BY sort asc, id asc LIMIT 0,10  

[ 2015-05-26T22:45:30+08:00 ] ::1 /weiphp/index.php?s=/addon/Forms/FormsAttribute/lists/forms_id/15.html
ERR: 1054:Unknown column 'sort' in 'order clause'
 [ SQL语句 ] : SELECT `c_id`,`forms_id`,`c_title`,`c_name`,`c_detail`,`id` FROM `wp_forms_zujian` WHERE ( `forms_id` = 15 ) ORDER BY sort asc, id asc LIMIT 0,10  

[ 2015-05-26T22:46:52+08:00 ] ::1 /weiphp/index.php?s=/addon/Forms/FormsAttribute/lists/forms_id/15.html
ERR: 1054:Unknown column 'sort' in 'order clause'
 [ SQL语句 ] : SELECT `c_id`,`forms_id`,`c_title`,`c_name`,`c_detail`,`id` FROM `wp_forms_zujian` WHERE ( `forms_id` = 15 ) ORDER BY sort asc, id asc LIMIT 0,10  

[ 2015-05-26T22:47:45+08:00 ] ::1 /weiphp/index.php?s=/addon/Forms/FormsAttribute/lists/forms_id/15.html
ERR: 1054:Unknown column 'sort' in 'order clause'
 [ SQL语句 ] : SELECT `c_id`,`forms_id`,`c_title`,`c_name`,`c_detail`,`id` FROM `wp_forms_zujian` WHERE ( `forms_id` = 15 ) ORDER BY sort asc, id asc LIMIT 0,10  

[ 2015-05-26T22:52:46+08:00 ] ::1 /weiphp/index.php?s=/addon/Forms/FormsAttribute/lists/forms_id/15.html
ERR: 1054:Unknown column 'sort' in 'order clause'
 [ SQL语句 ] : SELECT `c_id`,`forms_id`,`c_title`,`c_name`,`c_detail`,`id` FROM `wp_forms_zujian` WHERE ( `forms_id` = 15 ) ORDER BY sort asc, id asc LIMIT 0,10  

[ 2015-05-26T22:53:08+08:00 ] ::1 /weiphp/index.php?s=/addon/Forms/FormsAttribute/lists/forms_id/15.html
ERR: 1054:Unknown column 'sort' in 'order clause'
 [ SQL语句 ] : SELECT `c_id`,`forms_id`,`c_title`,`c_name`,`c_detail`,`id` FROM `wp_forms_zujian` WHERE ( `forms_id` = 15 ) ORDER BY sort asc, id asc LIMIT 0,10  

[ 2015-05-26T22:53:54+08:00 ] ::1 /weiphp/index.php?s=/addon/Forms/FormsAttribute/lists/forms_id/15.html
ERR: 1054:Unknown column 'sort' in 'order clause'
 [ SQL语句 ] : SELECT `c_id`,`forms_id`,`c_title`,`c_name`,`c_detail`,`id` FROM `wp_forms_zujian` WHERE ( `forms_id` = 15 ) ORDER BY sort asc, id asc LIMIT 0,10  

[ 2015-05-26T22:55:32+08:00 ] ::1 /weiphp/index.php?s=/addon/Forms/FormsAttribute/lists/forms_id/15.html
ERR: 1054:Unknown column 'sort' in 'order clause'
 [ SQL语句 ] : SELECT `c_id`,`forms_id`,`c_title`,`c_name`,`c_detail`,`id` FROM `wp_forms_zujian` WHERE ( `forms_id` = 15 ) ORDER BY sort asc, id asc LIMIT 0,10  

[ 2015-05-26T22:56:10+08:00 ] ::1 /weiphp/index.php?s=/addon/Forms/FormsAttribute/lists/forms_id/15.html
ERR: 1054:Unknown column 'sort' in 'order clause'
 [ SQL语句 ] : SELECT `c_id`,`forms_id`,`c_title`,`c_name`,`c_detail`,`id` FROM `wp_forms_zujian` WHERE ( `forms_id` = 15 ) ORDER BY sort asc, id asc LIMIT 0,10  

[ 2015-05-26T22:56:52+08:00 ] ::1 /weiphp/index.php?s=/addon/Forms/FormsAttribute/lists/forms_id/15.html
ERR: 1054:Unknown column 'sort' in 'order clause'
 [ SQL语句 ] : SELECT `c_id`,`forms_id`,`c_title`,`c_name`,`c_detail`,`id` FROM `wp_forms_zujian` WHERE ( `forms_id` = 15 ) ORDER BY sort asc, id asc LIMIT 0,10  

[ 2015-05-26T22:57:45+08:00 ] ::1 /weiphp/index.php?s=/addon/Forms/FormsAttribute/lists/forms_id/15.html
ERR: 1054:Unknown column 'sort' in 'order clause'
 [ SQL语句 ] : SELECT `c_id`,`forms_id`,`c_title`,`c_name`,`c_detail`,`id` FROM `wp_forms_zujian` WHERE ( `forms_id` = 15 ) ORDER BY sort asc, id asc LIMIT 0,10  

[ 2015-05-26T22:59:27+08:00 ] ::1 /weiphp/index.php?s=/addon/Forms/FormsAttribute/lists/forms_id/15.html
ERR: 1054:Unknown column 'sort' in 'order clause'
 [ SQL语句 ] : SELECT `c_id`,`forms_id`,`c_title`,`c_name`,`c_detail`,`id` FROM `wp_forms_zujian` WHERE ( `forms_id` = 15 ) ORDER BY sort asc, id asc LIMIT 0,10  

[ 2015-05-26T23:09:17+08:00 ] ::1 /weiphp/index.php?s=/addon/Forms/FormsAttribute/lists/forms_id/15.html
ERR: 1054:Unknown column 'sort' in 'order clause'
 [ SQL语句 ] : SELECT `c_id`,`forms_id`,`c_title`,`c_name`,`c_detail`,`id` FROM `wp_forms_zujian` WHERE ( `forms_id` = 15 ) ORDER BY sort asc, id asc LIMIT 0,10  

[ 2015-05-26T23:10:56+08:00 ] ::1 /weiphp/index.php?s=/addon/Forms/FormsAttribute/lists/forms_id/15.html
ERR: 1054:Unknown column 'sort' in 'order clause'
 [ SQL语句 ] : SELECT `c_id`,`forms_id`,`c_title`,`c_name`,`c_detail`,`id` FROM `wp_forms_zujian` WHERE ( `forms_id` = 15 ) ORDER BY sort asc, id asc LIMIT 0,10  

[ 2015-05-26T23:11:41+08:00 ] ::1 /weiphp/index.php?s=/addon/Forms/FormsAttribute/lists/forms_id/15.html
ERR: 1054:Unknown column 'sort' in 'order clause'
 [ SQL语句 ] : SELECT `c_id`,`forms_id`,`c_title`,`c_name`,`c_detail`,`id` FROM `wp_forms_zujian` WHERE ( `forms_id` = 15 ) ORDER BY sort asc, id asc LIMIT 0,10  

[ 2015-05-26T23:14:01+08:00 ] ::1 /weiphp/index.php?s=/addon/Forms/FormsAttribute/lists/forms_id/16.html
ERR: 1054:Unknown column 'sort' in 'order clause'
 [ SQL语句 ] : SELECT `c_id`,`forms_id`,`c_title`,`c_name`,`c_detail`,`id` FROM `wp_forms_zujian` WHERE ( `forms_id` = 16 ) ORDER BY sort asc, id asc LIMIT 0,10  

[ 2015-05-26T23:15:30+08:00 ] ::1 /weiphp/index.php?s=/addon/Forms/FormsAttribute/lists/forms_id/16.html
ERR: 1054:Unknown column 'sort' in 'order clause'
 [ SQL语句 ] : SELECT `c_id`,`forms_id`,`c_title`,`c_name`,`c_detail`,`id` FROM `wp_forms_zujian` WHERE ( `forms_id` = 16 ) ORDER BY sort asc, id asc LIMIT 0,10  

[ 2015-05-26T23:17:53+08:00 ] ::1 /weiphp/index.php?s=/addon/Forms/FormsAttribute/lists/forms_id/16.html
ERR: 1054:Unknown column 'sort' in 'order clause'
 [ SQL语句 ] : SELECT `c_id`,`forms_id`,`c_title`,`c_name`,`c_detail`,`id` FROM `wp_forms_zujian` WHERE ( `forms_id` = 16 ) ORDER BY sort asc, id asc LIMIT 0,10  

[ 2015-05-26T23:19:54+08:00 ] ::1 /weiphp/index.php?s=/addon/Forms/FormsAttribute/lists/forms_id/14.html
ERR: 1054:Unknown column 'sort' in 'order clause'
 [ SQL语句 ] : SELECT `c_id`,`forms_id`,`c_title`,`c_name`,`c_detail`,`id` FROM `wp_forms_zujian` WHERE ( `forms_id` = 14 ) ORDER BY sort asc, id asc LIMIT 0,10  

[ 2015-05-26T23:25:11+08:00 ] ::1 /weiphp/index.php?s=/addon/Forms/FormsValue/getDataAndShow/forms_id/16.html
ERR: Think\Controller:getDataAndShow方法不存在！

[ 2015-05-26T23:25:30+08:00 ] ::1 /weiphp/index.php?s=/addon/Forms/FormsValue/show/forms_id/16.html
ERR: 模板不存在:./Application/Home/View/default/Addons/execute.html

[ 2015-05-26T23:49:06+08:00 ] ::1 /weiphp/index.php?s=/addon/Forms/FormsAttribute/lists/forms_id/16.html
ERR: 1054:Unknown column 'sort' in 'order clause'
 [ SQL语句 ] : SELECT `c_id`,`forms_id`,`c_title`,`c_name`,`c_detail`,`id` FROM `wp_forms_zujian` WHERE ( `forms_id` = 16 ) ORDER BY sort asc, id asc LIMIT 0,10  

