[ 2015-05-28T09:39:09+08:00 ] ::1 /weiphp/index.php?s=/addon/Forms/ZhongJiang/bufa/id/1/forms_id/16.html
ERR: Think\Controller:bufa方法不存在！

[ 2015-05-28T10:50:09+08:00 ] ::1 /weiphp/index.php?s=/addon/Forms/FormsValue/get_forms_data
ERR: 1048:Column 'user_img' cannot be null
 [ SQL语句 ] : INSERT INTO `wp_forms_users` (`forms_id`,`open_id`,`user_name`,`user_address`,`user_phone`,`user_img`) VALUES (0,-1,'1','3','2',null)

[ 2015-05-28T10:50:22+08:00 ] ::1 /weiphp/index.php?s=/addon/Forms/FormsValue/get_forms_data&forms_id=16
ERR: 1048:Column 'user_img' cannot be null
 [ SQL语句 ] : INSERT INTO `wp_forms_users` (`forms_id`,`open_id`,`user_name`,`user_address`,`user_phone`,`user_img`) VALUES (16,-1,'','','',null)

[ 2015-05-28T10:50:23+08:00 ] ::1 /weiphp/index.php?s=/addon/Forms/FormsValue/get_forms_data
ERR: 1048:Column 'user_img' cannot be null
 [ SQL语句 ] : INSERT INTO `wp_forms_users` (`forms_id`,`open_id`,`user_name`,`user_address`,`user_phone`,`user_img`) VALUES (0,-1,'企鹅','中国','13826463840',null)

[ 2015-05-28T10:52:06+08:00 ] ::1 /weiphp/index.php?s=/addon/Forms/FormsValue/get_forms_data&forms_id=16
ERR: 1048:Column 'user_img' cannot be null
 [ SQL语句 ] : INSERT INTO `wp_forms_users` (`forms_id`,`open_id`,`user_name`,`user_address`,`user_phone`,`user_img`) VALUES (16,-1,'','','',null)

[ 2015-05-28T10:54:09+08:00 ] ::1 /weiphp/index.php?s=/addon/Forms/FormsValue/get_forms_data
ERR: 1048:Column 'user_img' cannot be null
 [ SQL语句 ] : INSERT INTO `wp_forms_users` (`forms_id`,`open_id`,`user_name`,`user_address`,`user_phone`,`user_img`) VALUES (0,-1,'企鹅','中国','13826463840',null)

[ 2015-05-28T10:54:19+08:00 ] ::1 /weiphp/index.php?s=/addon/Forms/FormsValue/get_forms_data&forms_id=16
ERR: 1048:Column 'user_img' cannot be null
 [ SQL语句 ] : INSERT INTO `wp_forms_users` (`forms_id`,`open_id`,`user_name`,`user_address`,`user_phone`,`user_img`) VALUES (16,-1,'','','',null)

[ 2015-05-28T10:55:23+08:00 ] ::1 /weiphp/index.php?s=/addon/Forms/FormsValue/get_forms_data
ERR: 1048:Column 'user_img' cannot be null
 [ SQL语句 ] : INSERT INTO `wp_forms_users` (`forms_id`,`open_id`,`user_name`,`user_address`,`user_phone`,`user_img`) VALUES (0,-1,'1','3[object Object]','2',null)

[ 2015-05-28T10:57:48+08:00 ] ::1 /weiphp/index.php?s=/addon/Forms/FormsValue/get_forms_data
ERR: 1048:Column 'user_img' cannot be null
 [ SQL语句 ] : INSERT INTO `wp_forms_users` (`forms_id`,`open_id`,`user_name`,`user_address`,`user_phone`,`user_img`) VALUES (0,-1,'1','3','2',null)

[ 2015-05-28T11:02:22+08:00 ] ::1 /weiphp/index.php?s=/addon/Forms/FormsValue/get_forms_data
ERR: 1048:Column 'user_img' cannot be null
 [ SQL语句 ] : INSERT INTO `wp_forms_users` (`forms_id`,`open_id`,`user_name`,`user_address`,`user_phone`,`user_img`) VALUES (0,-1,'','','',null)

[ 2015-05-28T11:03:21+08:00 ] ::1 /weiphp/index.php?s=/addon/Forms/FormsValue/get_forms_data
ERR: 1048:Column 'user_img' cannot be null
 [ SQL语句 ] : INSERT INTO `wp_forms_users` (`forms_id`,`open_id`,`user_name`,`user_address`,`user_phone`,`user_img`) VALUES (0,-1,'1','3','2',null)

