[ 2015-05-22T10:03:14+08:00 ] ::1 /weiphp/index.php?s=/addon/Forms/FormsAttribute/getDataAndShow
ERR: 模板不存在:./Application/Home/View/default/Addons/getDataAndShow.html

[ 2015-05-22T10:03:15+08:00 ] ::1 /weiphp/index.php?s=/addon/Forms/FormsAttribute/getDataAndShow
ERR: 模板不存在:./Application/Home/View/default/Addons/getDataAndShow.html

[ 2015-05-22T10:03:15+08:00 ] ::1 /weiphp/index.php?s=/addon/Forms/FormsAttribute/getDataAndShow
ERR: 模板不存在:./Application/Home/View/default/Addons/getDataAndShow.html

[ 2015-05-22T10:04:26+08:00 ] ::1 /weiphp/index.php?s=/addon/Forms/FormsAttribute/getDataAndShow
ERR: 模板不存在:./Application/Home/View/default/Addons/getDataAndShow.html

[ 2015-05-22T10:05:15+08:00 ] ::1 /weiphp/index.php?s=/addon/Forms/FormsAttribute/getDataAndShow
ERR: 模板不存在:./Application/Home/View/default/Addons/getDataAndShow.html

[ 2015-05-22T10:05:15+08:00 ] ::1 /weiphp/index.php?s=/Home/Addons/datapreview.html
ERR: 非法操作:datapreview

[ 2015-05-22T10:07:04+08:00 ] ::1 /weiphp/index.php?s=/addon/Forms/FormsAttribute/getDataAndShow
ERR: 模板不存在:./Application/Home/View/default/Addons/getDataAndShow.html

[ 2015-05-22T10:07:05+08:00 ] ::1 /weiphp/index.php?s=/addon/Forms/FormsAttribute/getDataAndShow
ERR: 模板不存在:./Application/Home/View/default/Addons/getDataAndShow.html

[ 2015-05-22T10:07:06+08:00 ] ::1 /weiphp/index.php?s=/addon/Forms/FormsAttribute/getDataAndShow
ERR: 模板不存在:./Application/Home/View/default/Addons/getDataAndShow.html

[ 2015-05-22T10:07:06+08:00 ] ::1 /weiphp/index.php?s=/addon/Forms/FormsAttribute/getDataAndShow
ERR: 模板不存在:./Application/Home/View/default/Addons/getDataAndShow.html

[ 2015-05-22T10:07:06+08:00 ] ::1 /weiphp/index.php?s=/addon/Forms/FormsAttribute/getDataAndShow
ERR: 模板不存在:./Application/Home/View/default/Addons/getDataAndShow.html

[ 2015-05-22T10:07:06+08:00 ] ::1 /weiphp/index.php?s=/addon/Forms/FormsAttribute/getDataAndShow
ERR: 模板不存在:./Application/Home/View/default/Addons/getDataAndShow.html

[ 2015-05-22T10:07:09+08:00 ] ::1 /weiphp/index.php?s=/addon/Forms/FormsAttribute/getDataAndShow
ERR: 模板不存在:./Application/Home/View/default/Addons/getDataAndShow.html

[ 2015-05-22T10:07:09+08:00 ] ::1 /weiphp/index.php?s=/addon/Forms/FormsAttribute/getDataAndShow
ERR: 模板不存在:./Application/Home/View/default/Addons/getDataAndShow.html

[ 2015-05-22T10:07:11+08:00 ] ::1 /weiphp/index.php?s=/addon/Forms/FormsAttribute/getDataAndShow
ERR: 模板不存在:./Application/Home/View/default/Addons/getDataAndShow.html

[ 2015-05-22T10:13:47+08:00 ] ::1 /weiphp/index.php?s=/addon/Forms/FormsAttribute/getDataAndShow
ERR: 模板不存在:./Application/Home/View/default/Addons/getDataAndShow.html

[ 2015-05-22T10:16:51+08:00 ] ::1 /weiphp/index.php?s=/addon/Forms/FormsAttribute/getDataAndShow
ERR: 模板不存在:./Application/Home/View/default/Addons/getDataAndShow.html

[ 2015-05-22T10:17:01+08:00 ] ::1 /weiphp/index.php?s=/addon/Forms/FormsAttribute/getDataAndShow
ERR: 模板不存在:./Application/Home/View/default/Addons/getDataAndShow.html

[ 2015-05-22T10:17:26+08:00 ] ::1 /weiphp/index.php?s=/addon/Forms/FormsAttribute/getDataAndShow
ERR: 模板不存在:./Application/Home/View/default/Addons/getDataAndShow.html

[ 2015-05-22T10:17:26+08:00 ] ::1 /weiphp/index.php?s=/Home/Addons/datapreview.html
ERR: 非法操作:datapreview

[ 2015-05-22T10:18:02+08:00 ] ::1 /weiphp/index.php?s=/addon/Forms/FormsAttribute/getDataAndShow
ERR: 模板不存在:./Application/Home/View/default/Addons/getDataAndShow.html

[ 2015-05-22T10:18:02+08:00 ] ::1 /weiphp/index.php?s=/Home/Addons/Forms/FromsAttribute/datapreview.html
ERR: 非法操作:Forms

[ 2015-05-22T10:18:35+08:00 ] ::1 /weiphp/index.php?s=/addon/Forms/FormsAttribute/getDataAndShow
ERR: 模板不存在:./Application/Home/View/default/Addons/getDataAndShow.html

[ 2015-05-22T10:18:35+08:00 ] ::1 /weiphp/index.php?s=/Home/Addons/Forms/FormsAttribute/datapreview.html
ERR: 非法操作:Forms

[ 2015-05-22T10:22:20+08:00 ] ::1 /weiphp/index.php?s=/addon/Forms/FormsAttribute/getDataAndShow
ERR: 模板不存在:./Application/Home/View/default/Addons/getDataAndShow.html

[ 2015-05-22T10:22:20+08:00 ] ::1 /weiphp/index.php?s=/addon/Forms/FormsAttribute/getDataAndShow
ERR: 模板不存在:./Application/Home/View/default/Addons/getDataAndShow.html

[ 2015-05-22T10:22:21+08:00 ] ::1 /weiphp/index.php?s=/addon/Forms/FormsAttribute/getDataAndShow
ERR: 模板不存在:./Application/Home/View/default/Addons/getDataAndShow.html

[ 2015-05-22T10:22:36+08:00 ] ::1 /weiphp/index.php?s=/addon/Forms/FormsAttribute/getDataAndShow
ERR: 模板不存在:./Application/Home/View/default/Addons/getDataAndShow.html

[ 2015-05-22T10:30:33+08:00 ] ::1 /weiphp/index.php?s=/addon/Forms/FormsAttribute/getDataAndShow
ERR: 模板不存在:./Application/Home/View/default/Addons/getDataAndShow.html

[ 2015-05-22T10:31:23+08:00 ] ::1 /weiphp/index.php?s=/addon/Forms/FormsAttribute/getDataAndShow
ERR: 模板不存在:./Application/Home/View/default/Addons/getDataAndShow.html

[ 2015-05-22T10:33:13+08:00 ] ::1 /weiphp/index.php?s=/addon/Forms/FormsAttribute/getDataAndShow
ERR: 模板不存在:./Application/Home/View/default/Addons/getDataAndShow.html

[ 2015-05-22T10:34:57+08:00 ] ::1 /weiphp/index.php?s=/addon/Forms/FormsAttribute/getDataAndShow
ERR: 模板不存在:./Application/Home/View/default/Addons/getDataAndShow.html

[ 2015-05-22T10:35:20+08:00 ] ::1 /weiphp/index.php?s=/addon/Forms/FormsAttribute/getDataAndShow
ERR: 模板不存在:./Application/Home/View/default/Addons/getDataAndShow.html

[ 2015-05-22T10:35:54+08:00 ] ::1 /weiphp/index.php?s=/addon/Forms/FormsAttribute/getDataAndShow
ERR: 模板不存在:./Application/Home/View/default/Addons/getDataAndShow.html

[ 2015-05-22T11:59:50+08:00 ] ::1 /weiphp/index.php?s=/addon/Forms/FormsAttribute/www.baidu.com.html
ERR: Think\Controller:www.baidu.com方法不存在！

[ 2015-05-22T12:00:13+08:00 ] ::1 /weiphp/index.php?s=/addon/Forms/FormsAttribute/www.baidu.com.html
ERR: Think\Controller:www.baidu.com方法不存在！

[ 2015-05-22T12:00:15+08:00 ] ::1 /weiphp/index.php?s=/addon/Forms/FormsAttribute/www.baidu.com.html
ERR: Think\Controller:www.baidu.com方法不存在！

[ 2015-05-22T12:00:18+08:00 ] ::1 /weiphp/index.php?s=/addon/Forms/FormsAttribute/www.baidu.com.html
ERR: Think\Controller:www.baidu.com方法不存在！

[ 2015-05-22T12:00:20+08:00 ] ::1 /weiphp/index.php?s=/addon/Forms/FormsAttribute/www.baidu.com.html
ERR: Think\Controller:www.baidu.com方法不存在！

[ 2015-05-22T13:16:49+08:00 ] ::1 /weiphp/index.php?s=/addon/Forms/FormsAttribute/lists/forms_id/14.html
ERR: 1054:Unknown column 'sort' in 'order clause'
 [ SQL语句 ] : SELECT `forms_id`,`id` FROM `wp_forms_attribute` WHERE ( `token` = 'gh_a58387e4aa4d' ) AND ( `forms_id` = 14 ) ORDER BY sort asc, id asc LIMIT 0,10  

[ 2015-05-22T13:22:25+08:00 ] ::1 /weiphp/index.php?s=/addon/Forms/FormsAttribute/lists/forms_id/14.html
ERR: 1054:Unknown column 'sort' in 'order clause'
 [ SQL语句 ] : SELECT `forms_id`,`id` FROM `wp_forms_attribute` WHERE ( `token` = 'gh_a58387e4aa4d' ) AND ( `forms_id` = 14 ) ORDER BY sort asc, id asc LIMIT 0,10  

[ 2015-05-22T13:26:28+08:00 ] ::1 /weiphp/index.php?s=/addon/Forms/FormsAttribute/lists/forms_id/14.html
ERR: 1054:Unknown column 'sort' in 'order clause'
 [ SQL语句 ] : SELECT `c_id`,`forms_id`,`c_title`,`c_name`,`c_detail`,`id` FROM `wp_forms_attribute` WHERE ( `token` = 'gh_a58387e4aa4d' ) AND ( `forms_id` = 14 ) ORDER BY sort asc, id asc LIMIT 0,10  

[ 2015-05-22T13:27:14+08:00 ] ::1 /weiphp/index.php?s=/addon/Forms/FormsAttribute/lists/forms_id/14.html
ERR: 1054:Unknown column 'sort' in 'order clause'
 [ SQL语句 ] : SELECT `c_id`,`forms_id`,`c_title`,`c_name`,`c_detail`,`id` FROM `wp_forms_attribute` WHERE ( `token` = 'gh_a58387e4aa4d' ) AND ( `forms_id` = 14 ) ORDER BY sort asc, id asc LIMIT 0,10  

[ 2015-05-22T13:32:10+08:00 ] ::1 /weiphp/index.php?s=/addon/Forms/FormsAttribute/lists/forms_id/14.html
ERR: 1054:Unknown column 'sort' in 'order clause'
 [ SQL语句 ] : SELECT `c_id`,`forms_id`,`c_title`,`c_name`,`c_detail`,`id` FROM `wp_forms_attribute` WHERE ( `token` = 'gh_a58387e4aa4d' ) AND ( `forms_id` = 14 ) ORDER BY sort asc, id asc LIMIT 0,10  

[ 2015-05-22T13:38:59+08:00 ] ::1 /weiphp/index.php?s=/addon/Forms/FormsAttribute/lists/forms_id/14.html
ERR: 1054:Unknown column 'sort' in 'order clause'
 [ SQL语句 ] : SELECT `c_id`,`forms_id`,`c_title`,`c_name`,`c_detail`,`id` FROM `wp_forms_attribute` WHERE ( `token` = 'gh_a58387e4aa4d' ) AND ( `forms_id` = 14 ) ORDER BY sort asc, id asc LIMIT 0,10  

[ 2015-05-22T13:40:32+08:00 ] ::1 /weiphp/index.php?s=/addon/Forms/FormsAttribute/lists/forms_id/14.html
ERR: 1054:Unknown column 'sort' in 'order clause'
 [ SQL语句 ] : SELECT `c_id`,`forms_id`,`c_title`,`c_name`,`c_detail`,`id` FROM `wp_forms_attribute` WHERE ( `token` = 'gh_a58387e4aa4d' ) AND ( `forms_id` = 14 ) ORDER BY sort asc, id asc LIMIT 0,10  

[ 2015-05-22T13:41:30+08:00 ] ::1 /weiphp/index.php?s=/addon/Forms/FormsAttribute/lists/forms_id/14.html
ERR: 1054:Unknown column 'sort' in 'order clause'
 [ SQL语句 ] : SELECT `c_id`,`forms_id`,`c_title`,`c_name`,`c_detail`,`id` FROM `wp_forms_attribute` WHERE ( `token` = 'gh_a58387e4aa4d' ) AND ( `forms_id` = 14 ) ORDER BY sort asc, id asc LIMIT 0,10  

[ 2015-05-22T13:41:38+08:00 ] ::1 /weiphp/index.php?s=/addon/Forms/FormsAttribute/lists/forms_id/14.html
ERR: 1054:Unknown column 'sort' in 'order clause'
 [ SQL语句 ] : SELECT `c_id`,`forms_id`,`c_title`,`c_name`,`c_detail`,`id` FROM `wp_forms_attribute` WHERE ( `token` = 'gh_a58387e4aa4d' ) AND ( `forms_id` = 14 ) ORDER BY sort asc, id asc LIMIT 0,10  

[ 2015-05-22T13:43:06+08:00 ] ::1 /weiphp/index.php?s=/addon/Forms/FormsAttribute/lists/forms_id/14.html
ERR: 1054:Unknown column 'sort' in 'order clause'
 [ SQL语句 ] : SELECT `c_id`,`forms_id`,`c_title`,`c_name`,`c_detail`,`id` FROM `wp_forms_attribute` WHERE ( `token` = 'gh_a58387e4aa4d' ) AND ( `forms_id` = 14 ) ORDER BY sort asc, id asc LIMIT 0,10  

[ 2015-05-22T13:43:42+08:00 ] ::1 /weiphp/index.php?s=/addon/Forms/FormsAttribute/lists/forms_id/14.html
ERR: 1054:Unknown column 'sort' in 'order clause'
 [ SQL语句 ] : SELECT `c_id`,`forms_id`,`c_title`,`c_name`,`c_detail`,`id` FROM `wp_forms_attribute` WHERE ( `token` = 'gh_a58387e4aa4d' ) AND ( `forms_id` = 14 ) ORDER BY sort asc, id asc LIMIT 0,10  

[ 2015-05-22T13:44:54+08:00 ] ::1 /weiphp/index.php?s=/addon/Forms/FormsAttribute/lists/forms_id/14.html
ERR: 1054:Unknown column 'sort' in 'order clause'
 [ SQL语句 ] : SELECT `c_id`,`forms_id`,`c_title`,`c_name`,`c_detail`,`id` FROM `wp_forms_attribute` WHERE ( `token` = 'gh_a58387e4aa4d' ) AND ( `forms_id` = 14 ) ORDER BY sort asc, id asc LIMIT 0,10  

[ 2015-05-22T13:46:47+08:00 ] ::1 /weiphp/index.php?s=/addon/Forms/FormsAttribute/lists/forms_id/14.html
ERR: 1054:Unknown column 'sort' in 'order clause'
 [ SQL语句 ] : SELECT `c_id`,`forms_id`,`c_title`,`c_name`,`c_detail`,`id` FROM `wp_forms_attribute` WHERE ( `token` = 'gh_a58387e4aa4d' ) AND ( `forms_id` = 14 ) ORDER BY sort asc, id asc LIMIT 0,10  

[ 2015-05-22T13:49:12+08:00 ] ::1 /weiphp/index.php?s=/addon/Forms/FormsAttribute/lists/forms_id/14.html
ERR: 1054:Unknown column 'sort' in 'order clause'
 [ SQL语句 ] : SELECT `c_id`,`forms_id`,`c_title`,`c_name`,`c_detail`,`id` FROM `wp_forms_attribute` WHERE ( `token` = 'gh_a58387e4aa4d' ) AND ( `forms_id` = 14 ) ORDER BY sort asc, id asc LIMIT 0,10  

[ 2015-05-22T13:53:47+08:00 ] ::1 /weiphp/index.php?s=/addon/Forms/FormsAttribute/lists/forms_id/14.html
ERR: 1054:Unknown column 'sort' in 'order clause'
 [ SQL语句 ] : SELECT `c_id`,`c_title`,`id` FROM `wp_forms_attribute` WHERE ( `token` = 'gh_a58387e4aa4d' ) ORDER BY sort asc, id asc LIMIT 0,10  

[ 2015-05-22T13:55:13+08:00 ] ::1 /weiphp/index.php?s=/addon/Forms/FormsAttribute/lists/forms_id/14.html
ERR: 1054:Unknown column 'sort' in 'order clause'
 [ SQL语句 ] : SELECT `c_id`,`c_title`,`id` FROM `wp_forms_attribute` WHERE ( `token` = 'gh_a58387e4aa4d' ) ORDER BY sort asc, id asc LIMIT 0,10  

[ 2015-05-22T13:57:59+08:00 ] ::1 /weiphp/index.php?s=/addon/Forms/FormsAttribute/lists/forms_id/14.html
ERR: 1054:Unknown column 'sort' in 'order clause'
 [ SQL语句 ] : SELECT `c_id`,`c_title`,`id` FROM `wp_forms_attribute` WHERE ( `token` = 'gh_a58387e4aa4d' ) ORDER BY sort asc, id asc LIMIT 0,10  

[ 2015-05-22T14:07:48+08:00 ] ::1 /weiphp/index.php?s=/addon/Forms/ZhongJiang/rule/forms_id/14.html
ERR: 1054:Unknown column 'mTime' in 'field list'
 [ SQL语句 ] : INSERT INTO `wp_forms_attribute` (`mTime`) VALUES (1432274868)

[ 2015-05-22T14:08:09+08:00 ] ::1 /weiphp/index.php?s=/addon/Forms/ZhongJiang/rule/forms_id/14.html
ERR: 1054:Unknown column 'mTime' in 'field list'
 [ SQL语句 ] : INSERT INTO `wp_forms_attribute` (`mTime`) VALUES (1432274889)

[ 2015-05-22T14:08:14+08:00 ] ::1 /weiphp/index.php?s=/addon/Forms/ZhongJiang/rule/forms_id/14.html
ERR: 1054:Unknown column 'mTime' in 'field list'
 [ SQL语句 ] : INSERT INTO `wp_forms_attribute` (`mTime`) VALUES (1432274894)

[ 2015-05-22T14:17:02+08:00 ] ::1 /weiphp/index.php?s=/addon/Forms/FormsAttribute/lists/forms_id/14.html
ERR: 1054:Unknown column 'token' in 'where clause'
 [ SQL语句 ] : SELECT `c_id`,`c_title`,`id` FROM `wp_forms_attribute` WHERE ( `token` = 'gh_a58387e4aa4d' ) ORDER BY sort asc, id asc LIMIT 0,10  
ERR: 1054:Unknown column 'token' in 'where clause'
 [ SQL语句 ] : SELECT COUNT(*) AS tp_count FROM `wp_forms_attribute` WHERE ( `token` = 'gh_a58387e4aa4d' ) LIMIT 1  

[ 2015-05-22T14:18:17+08:00 ] ::1 /weiphp/index.php?s=/addon/Forms/FormsValue/lists/forms_id/14.html
ERR: 1054:Unknown column 'forms_id' in 'where clause'
 [ SQL语句 ] : SELECT * FROM `wp_forms_attribute` WHERE ( `forms_id` = 14 ) ORDER BY sort asc, id asc 

[ 2015-05-22T14:18:21+08:00 ] ::1 /weiphp/index.php?s=/addon/Forms/FormsAttribute/lists/forms_id/14.html
ERR: 1054:Unknown column 'token' in 'where clause'
 [ SQL语句 ] : SELECT `c_id`,`c_title`,`id` FROM `wp_forms_attribute` WHERE ( `token` = 'gh_a58387e4aa4d' ) ORDER BY sort asc, id asc LIMIT 0,10  
ERR: 1054:Unknown column 'token' in 'where clause'
 [ SQL语句 ] : SELECT COUNT(*) AS tp_count FROM `wp_forms_attribute` WHERE ( `token` = 'gh_a58387e4aa4d' ) LIMIT 1  

[ 2015-05-22T14:22:12+08:00 ] ::1 /weiphp/index.php?s=/addon/Forms/FormsAttribute/lists/forms_id/14.html
ERR: 1054:Unknown column 'token' in 'where clause'
 [ SQL语句 ] : SELECT `c_id`,`c_title`,`id` FROM `wp_forms_attribute` WHERE ( `token` = 'gh_a58387e4aa4d' ) ORDER BY sort asc, id asc LIMIT 0,10  
ERR: 1054:Unknown column 'token' in 'where clause'
 [ SQL语句 ] : SELECT COUNT(*) AS tp_count FROM `wp_forms_attribute` WHERE ( `token` = 'gh_a58387e4aa4d' ) LIMIT 1  

[ 2015-05-22T14:30:57+08:00 ] ::1 /weiphp/index.php?s=/addon/Forms/FormsAttribute/lists/forms_id/14.html
ERR: 1054:Unknown column 'token' in 'where clause'
 [ SQL语句 ] : SELECT `c_id`,`c_title`,`id` FROM `wp_forms_attribute` WHERE ( `token` = 'gh_a58387e4aa4d' ) ORDER BY sort asc, id asc LIMIT 0,10  
ERR: 1054:Unknown column 'token' in 'where clause'
 [ SQL语句 ] : SELECT COUNT(*) AS tp_count FROM `wp_forms_attribute` WHERE ( `token` = 'gh_a58387e4aa4d' ) LIMIT 1  

[ 2015-05-22T14:32:16+08:00 ] ::1 /weiphp/index.php?s=/addon/Forms/FormsAttribute/lists/forms_id/14.html
ERR: 1054:Unknown column 'token' in 'where clause'
 [ SQL语句 ] : SELECT `c_id`,`c_title`,`id` FROM `wp_forms_attribute` WHERE ( `token` = 'gh_a58387e4aa4d' ) ORDER BY sort asc, id asc LIMIT 0,10  
ERR: 1054:Unknown column 'token' in 'where clause'
 [ SQL语句 ] : SELECT COUNT(*) AS tp_count FROM `wp_forms_attribute` WHERE ( `token` = 'gh_a58387e4aa4d' ) LIMIT 1  

[ 2015-05-22T14:35:55+08:00 ] ::1 /weiphp/index.php?s=/addon/Forms/FormsAttribute/lists/forms_id/14.html
ERR: 1054:Unknown column 'token' in 'where clause'
 [ SQL语句 ] : SELECT `c_id`,`c_title`,`id` FROM `wp_forms_attribute` WHERE ( `token` = 'gh_a58387e4aa4d' ) ORDER BY sort asc, id asc LIMIT 0,10  
ERR: 1054:Unknown column 'token' in 'where clause'
 [ SQL语句 ] : SELECT COUNT(*) AS tp_count FROM `wp_forms_attribute` WHERE ( `token` = 'gh_a58387e4aa4d' ) LIMIT 1  

[ 2015-05-22T14:37:09+08:00 ] ::1 /weiphp/index.php?s=/addon/Forms/FormsAttribute/lists/forms_id/15.html
ERR: 1054:Unknown column 'token' in 'where clause'
 [ SQL语句 ] : SELECT `c_id`,`c_title`,`id` FROM `wp_forms_attribute` WHERE ( `token` = 'gh_a58387e4aa4d' ) ORDER BY sort asc, id asc LIMIT 0,10  
ERR: 1054:Unknown column 'token' in 'where clause'
 [ SQL语句 ] : SELECT COUNT(*) AS tp_count FROM `wp_forms_attribute` WHERE ( `token` = 'gh_a58387e4aa4d' ) LIMIT 1  

[ 2015-05-22T14:38:48+08:00 ] ::1 /weiphp/index.php?s=/addon/Forms/FormsAttribute/lists/forms_id/15.html
ERR: 1054:Unknown column 'token' in 'where clause'
 [ SQL语句 ] : SELECT `c_id`,`c_title`,`id` FROM `wp_forms_attribute` WHERE ( `token` = 'gh_a58387e4aa4d' ) ORDER BY sort asc, id asc LIMIT 0,10  
ERR: 1054:Unknown column 'token' in 'where clause'
 [ SQL语句 ] : SELECT COUNT(*) AS tp_count FROM `wp_forms_attribute` WHERE ( `token` = 'gh_a58387e4aa4d' ) LIMIT 1  

[ 2015-05-22T14:38:52+08:00 ] ::1 /weiphp/index.php?s=/addon/Forms/FormsAttribute/lists/forms_id/15.html
ERR: 1054:Unknown column 'token' in 'where clause'
 [ SQL语句 ] : SELECT `c_id`,`c_title`,`id` FROM `wp_forms_attribute` WHERE ( `token` = 'gh_a58387e4aa4d' ) ORDER BY sort asc, id asc LIMIT 0,10  
ERR: 1054:Unknown column 'token' in 'where clause'
 [ SQL语句 ] : SELECT COUNT(*) AS tp_count FROM `wp_forms_attribute` WHERE ( `token` = 'gh_a58387e4aa4d' ) LIMIT 1  

[ 2015-05-22T14:42:07+08:00 ] ::1 /weiphp/index.php?s=/addon/Forms/FormsAttribute/lists/forms_id/15.html
ERR: 1054:Unknown column 'token' in 'where clause'
 [ SQL语句 ] : SELECT `c_id`,`c_title`,`id` FROM `wp_forms_attribute` WHERE ( `token` = 'gh_a58387e4aa4d' ) ORDER BY sort asc, id asc LIMIT 0,10  
ERR: 1054:Unknown column 'token' in 'where clause'
 [ SQL语句 ] : SELECT COUNT(*) AS tp_count FROM `wp_forms_attribute` WHERE ( `token` = 'gh_a58387e4aa4d' ) LIMIT 1  

[ 2015-05-22T14:42:12+08:00 ] ::1 /weiphp/index.php?s=/addon/Forms/FormsAttribute/getDataAndShow
ERR: 1048:Column 'forms_id' cannot be null
 [ SQL语句 ] : INSERT INTO `wp_forms_zujian` (`forms_id`,`c_id`,`c_name`,`c_title`,`c_detail`) VALUES (null,'com1','id_phone','手机','')
ERR: 1048:Column 'forms_id' cannot be null
 [ SQL语句 ] : INSERT INTO `wp_forms_zujian` (`forms_id`,`c_id`,`c_name`,`c_title`,`c_detail`) VALUES (null,'com2','id_address','地址','')

[ 2015-05-22T14:45:51+08:00 ] ::1 /weiphp/index.php?s=/addon/Forms/FormsAttribute/lists/forms_id/15.html
ERR: 1054:Unknown column 'token' in 'where clause'
 [ SQL语句 ] : SELECT `c_id`,`c_title`,`id` FROM `wp_forms_attribute` WHERE ( `token` = 'gh_a58387e4aa4d' ) ORDER BY sort asc, id asc LIMIT 0,10  
ERR: 1054:Unknown column 'token' in 'where clause'
 [ SQL语句 ] : SELECT COUNT(*) AS tp_count FROM `wp_forms_attribute` WHERE ( `token` = 'gh_a58387e4aa4d' ) LIMIT 1  

[ 2015-05-22T14:55:12+08:00 ] ::1 /weiphp/index.php?s=/addon/Forms/FormsAttribute/lists/forms_id/15.html
ERR: 1054:Unknown column 'sort' in 'order clause'
 [ SQL语句 ] : SELECT `c_id`,`forms_id`,`c_title`,`c_name`,`c_detail`,`id` FROM `wp_forms_zujian` WHERE ( `forms_id` = 15 ) ORDER BY sort asc, id asc LIMIT 0,10  

[ 2015-05-22T14:57:42+08:00 ] ::1 /weiphp/index.php?s=/addon/Forms/FormsAttribute/lists/forms_id/14.html
ERR: 1054:Unknown column 'sort' in 'order clause'
 [ SQL语句 ] : SELECT `c_id`,`forms_id`,`c_title`,`c_name`,`c_detail`,`id` FROM `wp_forms_zujian` WHERE ( `forms_id` = 14 ) ORDER BY sort asc, id asc LIMIT 0,10  

[ 2015-05-22T15:15:01+08:00 ] ::1 /weiphp/index.php?s=/addon/Forms/FormsAttribute/lists/forms_id/14.html
ERR: 1054:Unknown column 'sort' in 'order clause'
 [ SQL语句 ] : SELECT `c_id`,`forms_id`,`c_title`,`c_name`,`c_detail`,`id` FROM `wp_forms_zujian` WHERE ( `forms_id` = 14 ) ORDER BY sort asc, id asc LIMIT 0,10  

[ 2015-05-22T15:18:40+08:00 ] ::1 /weiphp/index.php?s=/addon/Forms/FormsAttribute/lists/forms_id/14.html
ERR: 1054:Unknown column 'sort' in 'order clause'
 [ SQL语句 ] : SELECT `c_id`,`forms_id`,`c_title`,`c_name`,`c_detail`,`id` FROM `wp_forms_zujian` WHERE ( `forms_id` = 14 ) ORDER BY sort asc, id asc LIMIT 0,10  

[ 2015-05-22T15:24:25+08:00 ] ::1 /weiphp/index.php?s=/addon/Forms/FormsAttribute/lists/forms_id/14.html
ERR: 1054:Unknown column 'sort' in 'order clause'
 [ SQL语句 ] : SELECT `c_id`,`forms_id`,`c_title`,`c_name`,`c_detail`,`id` FROM `wp_forms_zujian` WHERE ( `forms_id` = 14 ) ORDER BY sort asc, id asc LIMIT 0,10  

[ 2015-05-22T15:25:35+08:00 ] ::1 /weiphp/index.php?s=/addon/Forms/FormsAttribute/lists/forms_id/14.html
ERR: 1054:Unknown column 'sort' in 'order clause'
 [ SQL语句 ] : SELECT `c_id`,`forms_id`,`c_title`,`c_name`,`c_detail`,`id` FROM `wp_forms_zujian` WHERE ( `forms_id` = 14 ) ORDER BY sort asc, id asc LIMIT 0,10  

[ 2015-05-22T15:29:13+08:00 ] ::1 /weiphp/index.php?s=/addon/Forms/FormsAttribute/lists/forms_id/15.html
ERR: 1054:Unknown column 'sort' in 'order clause'
 [ SQL语句 ] : SELECT `c_id`,`forms_id`,`c_title`,`c_name`,`c_detail`,`id` FROM `wp_forms_zujian` WHERE ( `forms_id` = 15 ) ORDER BY sort asc, id asc LIMIT 0,10  

[ 2015-05-22T15:31:41+08:00 ] ::1 /weiphp/index.php?s=/addon/Forms/FormsAttribute/lists/forms_id/15.html
ERR: 1054:Unknown column 'sort' in 'order clause'
 [ SQL语句 ] : SELECT `c_id`,`forms_id`,`c_title`,`c_name`,`c_detail`,`id` FROM `wp_forms_zujian` WHERE ( `forms_id` = 15 ) ORDER BY sort asc, id asc LIMIT 0,10  

[ 2015-05-22T15:34:12+08:00 ] ::1 /weiphp/index.php?s=/addon/Forms/FormsAttribute/lists/forms_id/15.html
ERR: 1054:Unknown column 'sort' in 'order clause'
 [ SQL语句 ] : SELECT `c_id`,`forms_id`,`c_title`,`c_name`,`c_detail`,`id` FROM `wp_forms_zujian` WHERE ( `forms_id` = 15 ) ORDER BY sort asc, id asc LIMIT 0,10  

[ 2015-05-22T15:34:43+08:00 ] ::1 /weiphp/index.php?s=/addon/Forms/FormsAttribute/lists/forms_id/15.html
ERR: 1054:Unknown column 'sort' in 'order clause'
 [ SQL语句 ] : SELECT `c_id`,`forms_id`,`c_title`,`c_name`,`c_detail`,`id` FROM `wp_forms_zujian` WHERE ( `forms_id` = 15 ) ORDER BY sort asc, id asc LIMIT 0,10  

[ 2015-05-22T15:34:45+08:00 ] ::1 /weiphp/index.php?s=/addon/Forms/FormsAttribute/lists.html
ERR: 1054:Unknown column 'sort' in 'order clause'
 [ SQL语句 ] : SELECT `c_id`,`forms_id`,`c_title`,`c_name`,`c_detail`,`id` FROM `wp_forms_zujian` ORDER BY sort asc, id asc LIMIT 0,10  

[ 2015-05-22T15:35:18+08:00 ] ::1 /weiphp/index.php?s=/addon/Forms/FormsAttribute/lists/forms_id/15.html
ERR: 1054:Unknown column 'sort' in 'order clause'
 [ SQL语句 ] : SELECT `c_id`,`forms_id`,`c_title`,`c_name`,`c_detail`,`id` FROM `wp_forms_zujian` WHERE ( `forms_id` = 15 ) ORDER BY sort asc, id asc LIMIT 0,10  

[ 2015-05-22T15:38:37+08:00 ] ::1 /weiphp/index.php?s=/addon/Forms/FormsAttribute/lists/forms_id/15.html
ERR: 1054:Unknown column 'sort' in 'order clause'
 [ SQL语句 ] : SELECT `c_id`,`forms_id`,`c_title`,`c_name`,`c_detail`,`id` FROM `wp_forms_zujian` WHERE ( `forms_id` = 15 ) ORDER BY sort asc, id asc LIMIT 0,10  

[ 2015-05-22T15:39:27+08:00 ] ::1 /weiphp/index.php?s=/addon/Forms/FormsAttribute/lists/forms_id/15.html
ERR: 1054:Unknown column 'sort' in 'order clause'
 [ SQL语句 ] : SELECT `c_id`,`forms_id`,`c_title`,`c_name`,`c_detail`,`id` FROM `wp_forms_zujian` WHERE ( `forms_id` = 15 ) ORDER BY sort asc, id asc LIMIT 0,10  

[ 2015-05-22T15:48:43+08:00 ] ::1 /weiphp/index.php?s=/addon/Forms/FormsAttribute/lists/forms_id/15.html
ERR: 1054:Unknown column 'sort' in 'order clause'
 [ SQL语句 ] : SELECT `c_id`,`forms_id`,`c_title`,`c_name`,`c_detail`,`id` FROM `wp_forms_zujian` WHERE ( `forms_id` = 15 ) ORDER BY sort asc, id asc LIMIT 0,10  

[ 2015-05-22T15:50:49+08:00 ] ::1 /weiphp/index.php?s=/addon/Forms/FormsAttribute/lists/forms_id/15.html
ERR: 1054:Unknown column 'sort' in 'order clause'
 [ SQL语句 ] : SELECT `c_id`,`forms_id`,`c_title`,`c_name`,`c_detail`,`id` FROM `wp_forms_zujian` WHERE ( `forms_id` = 15 ) ORDER BY sort asc, id asc LIMIT 0,10  

[ 2015-05-22T15:51:02+08:00 ] ::1 /weiphp/index.php?s=/addon/Forms/FormsAttribute/lists/forms_id/15.html
ERR: 1054:Unknown column 'sort' in 'order clause'
 [ SQL语句 ] : SELECT `c_id`,`forms_id`,`c_title`,`c_name`,`c_detail`,`id` FROM `wp_forms_zujian` WHERE ( `forms_id` = 15 ) ORDER BY sort asc, id asc LIMIT 0,10  

[ 2015-05-22T15:51:10+08:00 ] ::1 /weiphp/index.php?s=/addon/Forms/FormsAttribute/lists/forms_id/15.html
ERR: 1054:Unknown column 'sort' in 'order clause'
 [ SQL语句 ] : SELECT `c_id`,`forms_id`,`c_title`,`c_name`,`c_detail`,`id` FROM `wp_forms_zujian` WHERE ( `forms_id` = 15 ) ORDER BY sort asc, id asc LIMIT 0,10  

[ 2015-05-22T15:51:14+08:00 ] ::1 /weiphp/index.php?s=/addon/Forms/FormsValue/lists/forms_id/15.html
ERR: 1054:Unknown column 'forms_id' in 'where clause'
 [ SQL语句 ] : SELECT * FROM `wp_forms_attribute` WHERE ( `forms_id` = 15 ) ORDER BY sort asc, id asc 

[ 2015-05-22T15:52:02+08:00 ] ::1 /weiphp/index.php?s=/addon/Forms/FormsAttribute/lists/forms_id/15.html
ERR: 1054:Unknown column 'sort' in 'order clause'
 [ SQL语句 ] : SELECT `c_id`,`forms_id`,`c_title`,`c_name`,`c_detail`,`id` FROM `wp_forms_zujian` WHERE ( `forms_id` = 15 ) ORDER BY sort asc, id asc LIMIT 0,10  

[ 2015-05-22T15:54:00+08:00 ] ::1 /weiphp/index.php?s=/addon/Forms/FormsAttribute/lists/forms_id/15.html
ERR: 1054:Unknown column 'sort' in 'order clause'
 [ SQL语句 ] : SELECT `c_id`,`forms_id`,`c_title`,`c_name`,`c_detail`,`id` FROM `wp_forms_zujian` WHERE ( `forms_id` = 15 ) ORDER BY sort asc, id asc LIMIT 0,10  

[ 2015-05-22T15:54:03+08:00 ] ::1 /weiphp/index.php?s=/addon/Forms/FormsAttribute/lists/forms_id/15.html
ERR: 1054:Unknown column 'sort' in 'order clause'
 [ SQL语句 ] : SELECT `c_id`,`forms_id`,`c_title`,`c_name`,`c_detail`,`id` FROM `wp_forms_zujian` WHERE ( `forms_id` = 15 ) ORDER BY sort asc, id asc LIMIT 0,10  

[ 2015-05-22T16:04:37+08:00 ] ::1 /weiphp/index.php?s=/addon/Forms/FormsAttribute/lists/forms_id/15.html
ERR: 1054:Unknown column 'sort' in 'order clause'
 [ SQL语句 ] : SELECT `c_id`,`forms_id`,`c_title`,`c_name`,`c_detail`,`id` FROM `wp_forms_zujian` WHERE ( `forms_id` = 15 ) ORDER BY sort asc, id asc LIMIT 0,10  

[ 2015-05-22T16:06:14+08:00 ] ::1 /weiphp/index.php?s=/addon/Forms/FormsAttribute/lists/forms_id/15.html
ERR: 1054:Unknown column 'sort' in 'order clause'
 [ SQL语句 ] : SELECT `c_id`,`forms_id`,`c_title`,`c_name`,`c_detail`,`id` FROM `wp_forms_zujian` WHERE ( `forms_id` = 15 ) ORDER BY sort asc, id asc LIMIT 0,10  

[ 2015-05-22T16:07:03+08:00 ] ::1 /weiphp/index.php?s=/addon/Forms/FormsAttribute/lists/forms_id/15.html
ERR: 1054:Unknown column 'sort' in 'order clause'
 [ SQL语句 ] : SELECT `c_id`,`forms_id`,`c_title`,`c_name`,`c_detail`,`id` FROM `wp_forms_zujian` WHERE ( `forms_id` = 15 ) ORDER BY sort asc, id asc LIMIT 0,10  

[ 2015-05-22T16:09:04+08:00 ] ::1 /weiphp/index.php?s=/addon/Forms/FormsAttribute/lists/forms_id/15.html
ERR: 1054:Unknown column 'sort' in 'order clause'
 [ SQL语句 ] : SELECT `c_id`,`forms_id`,`c_title`,`c_name`,`c_detail`,`id` FROM `wp_forms_zujian` WHERE ( `forms_id` = 15 ) ORDER BY sort asc, id asc LIMIT 0,10  

[ 2015-05-22T16:17:04+08:00 ] ::1 /weiphp/index.php?s=/addon/Forms/FormsAttribute/lists/forms_id/15.html
ERR: 1054:Unknown column 'sort' in 'order clause'
 [ SQL语句 ] : SELECT `c_id`,`forms_id`,`c_title`,`c_name`,`c_detail`,`id` FROM `wp_forms_zujian` WHERE ( `forms_id` = 15 ) ORDER BY sort asc, id asc LIMIT 0,10  

[ 2015-05-22T16:17:49+08:00 ] ::1 /weiphp/index.php?s=/addon/Forms/FormsAttribute/lists/forms_id/15.html
ERR: 1054:Unknown column 'sort' in 'order clause'
 [ SQL语句 ] : SELECT `c_id`,`forms_id`,`c_title`,`c_name`,`c_detail`,`id` FROM `wp_forms_zujian` WHERE ( `forms_id` = 15 ) ORDER BY sort asc, id asc LIMIT 0,10  

[ 2015-05-22T16:17:53+08:00 ] ::1 /weiphp/index.php?s=/addon/Forms/FormsAttribute/lists/forms_id/15.html
ERR: 1054:Unknown column 'sort' in 'order clause'
 [ SQL语句 ] : SELECT `c_id`,`forms_id`,`c_title`,`c_name`,`c_detail`,`id` FROM `wp_forms_zujian` WHERE ( `forms_id` = 15 ) ORDER BY sort asc, id asc LIMIT 0,10  

[ 2015-05-22T16:20:52+08:00 ] ::1 /weiphp/index.php?s=/addon/Forms/FormsAttribute/lists/forms_id/15.html
ERR: 1054:Unknown column 'sort' in 'order clause'
 [ SQL语句 ] : SELECT `c_id`,`forms_id`,`c_title`,`c_name`,`c_detail`,`id` FROM `wp_forms_zujian` WHERE ( `forms_id` = 15 ) ORDER BY sort asc, id asc LIMIT 0,10  

[ 2015-05-22T16:29:57+08:00 ] ::1 /weiphp/index.php?s=/addon/Forms/FormsAttribute/lists/forms_id/15.html
ERR: 1054:Unknown column 'sort' in 'order clause'
 [ SQL语句 ] : SELECT `c_id`,`forms_id`,`c_title`,`c_name`,`c_detail`,`id` FROM `wp_forms_zujian` WHERE ( `forms_id` = 15 ) ORDER BY sort asc, id asc LIMIT 0,10  

[ 2015-05-22T16:30:57+08:00 ] ::1 /weiphp/index.php?s=/addon/Forms/FormsAttribute/lists/forms_id/15.html
ERR: 1054:Unknown column 'sort' in 'order clause'
 [ SQL语句 ] : SELECT `c_id`,`forms_id`,`c_title`,`c_name`,`c_detail`,`id` FROM `wp_forms_zujian` WHERE ( `forms_id` = 15 ) ORDER BY sort asc, id asc LIMIT 0,10  

[ 2015-05-22T16:37:20+08:00 ] ::1 /weiphp/index.php?s=/addon/Forms/FormsAttribute/lists/forms_id/15.html
ERR: 1054:Unknown column 'sort' in 'order clause'
 [ SQL语句 ] : SELECT `c_id`,`forms_id`,`c_title`,`c_name`,`c_detail`,`id` FROM `wp_forms_zujian` WHERE ( `forms_id` = 15 ) ORDER BY sort asc, id asc LIMIT 0,10  

[ 2015-05-22T16:49:01+08:00 ] ::1 /weiphp/index.php?s=/addon/Forms/FormsAttribute/lists/forms_id/15.html
ERR: 1054:Unknown column 'sort' in 'order clause'
 [ SQL语句 ] : SELECT `c_id`,`forms_id`,`c_title`,`c_name`,`c_detail`,`id` FROM `wp_forms_zujian` WHERE ( `forms_id` = 15 ) ORDER BY sort asc, id asc LIMIT 0,10  

[ 2015-05-22T17:17:02+08:00 ] ::1 /weiphp/index.php?s=/addon/Forms/FormsAttribute/lists/forms_id/15.html
ERR: 1054:Unknown column 'sort' in 'order clause'
 [ SQL语句 ] : SELECT `c_id`,`forms_id`,`c_title`,`c_name`,`c_detail`,`id` FROM `wp_forms_zujian` WHERE ( `forms_id` = 15 ) ORDER BY sort asc, id asc LIMIT 0,10  

[ 2015-05-22T17:18:30+08:00 ] ::1 /weiphp/index.php?s=/addon/Forms/FormsAttribute/lists/forms_id/15.html
ERR: 1054:Unknown column 'sort' in 'order clause'
 [ SQL语句 ] : SELECT `c_id`,`forms_id`,`c_title`,`c_name`,`c_detail`,`id` FROM `wp_forms_zujian` WHERE ( `forms_id` = 15 ) ORDER BY sort asc, id asc LIMIT 0,10  

[ 2015-05-22T17:25:08+08:00 ] ::1 /weiphp/index.php?s=/addon/Forms/FormsAttribute/lists/forms_id/15.html
ERR: 1054:Unknown column 'sort' in 'order clause'
 [ SQL语句 ] : SELECT `c_id`,`forms_id`,`c_title`,`c_name`,`c_detail`,`id` FROM `wp_forms_zujian` WHERE ( `forms_id` = 15 ) ORDER BY sort asc, id asc LIMIT 0,10  

[ 2015-05-22T17:26:38+08:00 ] ::1 /weiphp/index.php?s=/addon/Forms/FormsAttribute/lists/forms_id/15.html
ERR: 1054:Unknown column 'sort' in 'order clause'
 [ SQL语句 ] : SELECT `c_id`,`forms_id`,`c_title`,`c_name`,`c_detail`,`id` FROM `wp_forms_zujian` WHERE ( `forms_id` = 15 ) ORDER BY sort asc, id asc LIMIT 0,10  

[ 2015-05-22T17:26:38+08:00 ] ::1 /weiphp/index.php?s=/addon/Forms/FormsAttribute/lists/forms_id/15.html
ERR: 1054:Unknown column 'sort' in 'order clause'
 [ SQL语句 ] : SELECT `c_id`,`forms_id`,`c_title`,`c_name`,`c_detail`,`id` FROM `wp_forms_zujian` WHERE ( `forms_id` = 15 ) ORDER BY sort asc, id asc LIMIT 0,10  

[ 2015-05-22T17:27:31+08:00 ] ::1 /weiphp/index.php?s=/addon/Forms/FormsAttribute/lists/forms_id/15.html
ERR: 1054:Unknown column 'sort' in 'order clause'
 [ SQL语句 ] : SELECT `c_id`,`forms_id`,`c_title`,`c_name`,`c_detail`,`id` FROM `wp_forms_zujian` WHERE ( `forms_id` = 15 ) ORDER BY sort asc, id asc LIMIT 0,10  

[ 2015-05-22T17:36:07+08:00 ] ::1 /weiphp/index.php?s=/addon/Forms/FormsAttribute/lists/forms_id/15.html
ERR: 1054:Unknown column 'sort' in 'order clause'
 [ SQL语句 ] : SELECT `c_id`,`forms_id`,`c_title`,`c_name`,`c_detail`,`id` FROM `wp_forms_zujian` WHERE ( `forms_id` = 15 ) ORDER BY sort asc, id asc LIMIT 0,10  

[ 2015-05-22T17:38:27+08:00 ] ::1 /weiphp/index.php?s=/addon/Forms/FormsAttribute/lists/forms_id/15.html
ERR: 1054:Unknown column 'sort' in 'order clause'
 [ SQL语句 ] : SELECT `c_id`,`forms_id`,`c_title`,`c_name`,`c_detail`,`id` FROM `wp_forms_zujian` WHERE ( `forms_id` = 15 ) ORDER BY sort asc, id asc LIMIT 0,10  

[ 2015-05-22T17:43:49+08:00 ] ::1 /weiphp/index.php?s=/addon/Forms/FormsAttribute/lists/forms_id/15.html
ERR: 1054:Unknown column 'sort' in 'order clause'
 [ SQL语句 ] : SELECT `c_id`,`forms_id`,`c_title`,`c_name`,`c_detail`,`id` FROM `wp_forms_zujian` WHERE ( `forms_id` = 15 ) ORDER BY sort asc, id asc LIMIT 0,10  

[ 2015-05-22T17:46:23+08:00 ] ::1 /weiphp/index.php?s=/addon/Forms/FormsAttribute/lists/forms_id/15.html
ERR: 1054:Unknown column 'sort' in 'order clause'
 [ SQL语句 ] : SELECT `c_id`,`forms_id`,`c_title`,`c_name`,`c_detail`,`id` FROM `wp_forms_zujian` WHERE ( `forms_id` = 15 ) ORDER BY sort asc, id asc LIMIT 0,10  

[ 2015-05-22T17:46:53+08:00 ] ::1 /weiphp/index.php?s=/addon/Forms/FormsAttribute/lists/forms_id/15.html
ERR: 1054:Unknown column 'sort' in 'order clause'
 [ SQL语句 ] : SELECT `c_id`,`forms_id`,`c_title`,`c_name`,`c_detail`,`id` FROM `wp_forms_zujian` WHERE ( `forms_id` = 15 ) ORDER BY sort asc, id asc LIMIT 0,10  

[ 2015-05-22T17:50:22+08:00 ] ::1 /weiphp/index.php?s=/addon/Forms/FormsAttribute/lists/forms_id/15.html
ERR: 1054:Unknown column 'sort' in 'order clause'
 [ SQL语句 ] : SELECT `c_id`,`forms_id`,`c_title`,`c_name`,`c_detail`,`id` FROM `wp_forms_zujian` WHERE ( `forms_id` = 15 ) ORDER BY sort asc, id asc LIMIT 0,10  

[ 2015-05-22T17:58:53+08:00 ] ::1 /weiphp/index.php?s=/addon/Forms/FormsAttribute/lists/forms_id/15.html
ERR: 1054:Unknown column 'sort' in 'order clause'
 [ SQL语句 ] : SELECT `c_id`,`forms_id`,`c_title`,`c_name`,`c_detail`,`id` FROM `wp_forms_zujian` WHERE ( `forms_id` = 15 ) ORDER BY sort asc, id asc LIMIT 0,10  

[ 2015-05-22T17:58:53+08:00 ] ::1 /weiphp/index.php?s=/addon/Forms/FormsAttribute/lists/forms_id/15.html
ERR: 1054:Unknown column 'sort' in 'order clause'
 [ SQL语句 ] : SELECT `c_id`,`forms_id`,`c_title`,`c_name`,`c_detail`,`id` FROM `wp_forms_zujian` WHERE ( `forms_id` = 15 ) ORDER BY sort asc, id asc LIMIT 0,10  

[ 2015-05-22T18:00:28+08:00 ] ::1 /weiphp/index.php?s=/addon/Forms/FormsAttribute/lists/forms_id/15.html
ERR: 1054:Unknown column 'sort' in 'order clause'
 [ SQL语句 ] : SELECT `c_id`,`forms_id`,`c_title`,`c_name`,`c_detail`,`id` FROM `wp_forms_zujian` WHERE ( `forms_id` = 15 ) ORDER BY sort asc, id asc LIMIT 0,10  

[ 2015-05-22T18:01:21+08:00 ] ::1 /weiphp/index.php?s=/addon/Forms/FormsAttribute/lists/forms_id/15.html
ERR: 1054:Unknown column 'sort' in 'order clause'
 [ SQL语句 ] : SELECT `c_id`,`forms_id`,`c_title`,`c_name`,`c_detail`,`id` FROM `wp_forms_zujian` WHERE ( `forms_id` = 15 ) ORDER BY sort asc, id asc LIMIT 0,10  

[ 2015-05-22T18:07:06+08:00 ] ::1 /weiphp/index.php?s=/addon/Forms/FormsAttribute/lists/forms_id/15.html
ERR: 1054:Unknown column 'sort' in 'order clause'
 [ SQL语句 ] : SELECT `c_id`,`forms_id`,`c_title`,`c_name`,`c_detail`,`id` FROM `wp_forms_zujian` WHERE ( `forms_id` = 15 ) ORDER BY sort asc, id asc LIMIT 0,10  

[ 2015-05-22T18:08:26+08:00 ] ::1 /weiphp/index.php?s=/addon/Forms/FormsAttribute/lists/forms_id/15.html
ERR: 1054:Unknown column 'sort' in 'order clause'
 [ SQL语句 ] : SELECT `c_id`,`forms_id`,`c_title`,`c_name`,`c_detail`,`id` FROM `wp_forms_zujian` WHERE ( `forms_id` = 15 ) ORDER BY sort asc, id asc LIMIT 0,10  

[ 2015-05-22T18:09:05+08:00 ] ::1 /weiphp/index.php?s=/addon/Forms/FormsAttribute/lists/forms_id/15.html
ERR: 1054:Unknown column 'sort' in 'order clause'
 [ SQL语句 ] : SELECT `c_id`,`forms_id`,`c_title`,`c_name`,`c_detail`,`id` FROM `wp_forms_zujian` WHERE ( `forms_id` = 15 ) ORDER BY sort asc, id asc LIMIT 0,10  

[ 2015-05-22T18:12:52+08:00 ] ::1 /weiphp/index.php?s=/addon/Forms/FormsAttribute/lists/forms_id/15.html
ERR: 1054:Unknown column 'sort' in 'order clause'
 [ SQL语句 ] : SELECT `c_id`,`forms_id`,`c_title`,`c_name`,`c_detail`,`id` FROM `wp_forms_zujian` WHERE ( `forms_id` = 15 ) ORDER BY sort asc, id asc LIMIT 0,10  

