[ 2015-05-27T00:00:54+08:00 ] ::1 /weiphp/index.php?s=/addon/Forms/FormsAttribute/lists/forms_id/16.html
ERR: 1054:Unknown column 'sort' in 'order clause'
 [ SQL语句 ] : SELECT `c_id`,`forms_id`,`c_title`,`c_name`,`c_detail`,`id` FROM `wp_forms_zujian` WHERE ( `forms_id` = 16 ) ORDER BY sort asc, id asc LIMIT 0,10  

[ 2015-05-27T00:21:29+08:00 ] ::1 /weiphp/index.php?s=/addon/Forms/FormsCopyUrl/copy_url/forms_id/16.html
ERR: 模板不存在:./Application/Home/View/default/Addons/copy_url.html

[ 2015-05-27T00:22:43+08:00 ] ::1 /weiphp/index.php?s=/addon/Forms/FormsCopyUrl/copy_url/forms_id/16.html
ERR: 模板不存在:./Application/Home/View/default/Addons/copy_url.html

[ 2015-05-27T00:26:23+08:00 ] ::1 /weiphp/index.php?s=/addon/Forms/FormsAttribute/lists/forms_id/16.html
ERR: 1054:Unknown column 'sort' in 'order clause'
 [ SQL语句 ] : SELECT `c_id`,`forms_id`,`c_title`,`c_name`,`c_detail`,`id` FROM `wp_forms_zujian` WHERE ( `forms_id` = 16 ) ORDER BY sort asc, id asc LIMIT 0,10  

[ 2015-05-27T00:28:33+08:00 ] ::1 /weiphp/index.php?s=/addon/Forms/FormsAttribute/lists/forms_id/16.html
ERR: 1054:Unknown column 'sort' in 'order clause'
 [ SQL语句 ] : SELECT `c_id`,`forms_id`,`c_title`,`c_name`,`c_detail`,`id` FROM `wp_forms_zujian` WHERE ( `forms_id` = 16 ) ORDER BY sort asc, id asc LIMIT 0,10  

[ 2015-05-27T00:51:37+08:00 ] ::1 /weiphp/index.php?s=/addon/Forms/FormsAttribute/lists/forms_id/14.html
ERR: 1054:Unknown column 'sort' in 'order clause'
 [ SQL语句 ] : SELECT `c_id`,`forms_id`,`c_title`,`c_name`,`c_detail`,`id` FROM `wp_forms_zujian` WHERE ( `forms_id` = 14 ) ORDER BY sort asc, id asc LIMIT 0,10  

[ 2015-05-27T09:32:15+08:00 ] ::1 /weiphp/index.php?s=/addon/Forms/FormsAttribute/lists/forms_id/14.html
ERR: 1054:Unknown column 'sort' in 'order clause'
 [ SQL语句 ] : SELECT `c_id`,`forms_id`,`c_title`,`c_name`,`c_detail`,`id` FROM `wp_forms_zujian` WHERE ( `forms_id` = 14 ) ORDER BY sort asc, id asc LIMIT 0,10  

[ 2015-05-27T09:34:04+08:00 ] ::1 /weiphp/index.php?s=/addon/Forms/FormsAttribute/lists/forms_id/16.html
ERR: 1054:Unknown column 'sort' in 'order clause'
 [ SQL语句 ] : SELECT `c_id`,`forms_id`,`c_title`,`c_name`,`c_detail`,`id` FROM `wp_forms_zujian` WHERE ( `forms_id` = 16 ) ORDER BY sort asc, id asc LIMIT 0,10  

[ 2015-05-27T09:35:39+08:00 ] ::1 /weiphp/index.php?s=/addon/Forms/FormsAttribute/lists/forms_id/16.html
ERR: 1054:Unknown column 'sort' in 'order clause'
 [ SQL语句 ] : SELECT `c_id`,`forms_id`,`c_title`,`c_name`,`c_detail`,`id` FROM `wp_forms_zujian` WHERE ( `forms_id` = 16 ) ORDER BY sort asc, id asc LIMIT 0,10  

[ 2015-05-27T09:40:39+08:00 ] ::1 /weiphp/index.php?s=/addon/Forms/FormsAttribute/lists/forms_id/16.html
ERR: 1054:Unknown column 'sort' in 'order clause'
 [ SQL语句 ] : SELECT `c_id`,`forms_id`,`c_title`,`c_name`,`c_detail`,`id` FROM `wp_forms_zujian` WHERE ( `forms_id` = 16 ) ORDER BY sort asc, id asc LIMIT 0,10  

[ 2015-05-27T09:42:16+08:00 ] ::1 /weiphp/index.php?s=/addon/Forms/FormsAttribute/lists/forms_id/16.html
ERR: 1054:Unknown column 'sort' in 'order clause'
 [ SQL语句 ] : SELECT `c_id`,`forms_id`,`c_title`,`c_name`,`c_detail`,`id` FROM `wp_forms_zujian` WHERE ( `forms_id` = 16 ) ORDER BY sort asc, id asc LIMIT 0,10  

[ 2015-05-27T10:02:34+08:00 ] ::1 /weiphp/index.php?s=/addon/Forms/FormsAttribute/lists/forms_id/16.html
ERR: 1054:Unknown column 'sort' in 'order clause'
 [ SQL语句 ] : SELECT `c_id`,`forms_id`,`c_title`,`c_name`,`c_detail`,`id` FROM `wp_forms_zujian` WHERE ( `forms_id` = 16 ) ORDER BY sort asc, id asc LIMIT 0,10  

[ 2015-05-27T10:02:38+08:00 ] ::1 /weiphp/index.php?s=/addon/Forms/FormsAttribute/preview/forms_id/15.html
ERR: Think\Controller:preview方法不存在！

[ 2015-05-27T10:03:26+08:00 ] ::1 /weiphp/index.php?s=/addon/Forms/FormsAttribute/lists/forms_id/16.html
ERR: 1054:Unknown column 'sort' in 'order clause'
 [ SQL语句 ] : SELECT `c_id`,`forms_id`,`c_title`,`c_name`,`c_detail`,`id` FROM `wp_forms_zujian` WHERE ( `forms_id` = 16 ) ORDER BY sort asc, id asc LIMIT 0,10  

[ 2015-05-27T10:04:51+08:00 ] ::1 /weiphp/index.php?s=/addon/Forms/FormsAttribute/lists/forms_id/16.html
ERR: 1054:Unknown column 'sort' in 'order clause'
 [ SQL语句 ] : SELECT `c_id`,`forms_id`,`c_title`,`c_name`,`c_detail`,`id` FROM `wp_forms_zujian` WHERE ( `forms_id` = 16 ) ORDER BY sort asc, id asc LIMIT 0,10  

[ 2015-05-27T10:04:54+08:00 ] ::1 /weiphp/index.php?s=/addon/Forms/FormsAttribute/preview/forms_id/15.html
ERR: 模板不存在:./Application/Home/View/default/Addons/preview.html

[ 2015-05-27T10:05:30+08:00 ] ::1 /weiphp/index.php?s=/addon/Forms/FormsAttribute/lists/forms_id/16.html
ERR: 1054:Unknown column 'sort' in 'order clause'
 [ SQL语句 ] : SELECT `c_id`,`forms_id`,`c_title`,`c_name`,`c_detail`,`id` FROM `wp_forms_zujian` WHERE ( `forms_id` = 16 ) ORDER BY sort asc, id asc LIMIT 0,10  

[ 2015-05-27T10:07:10+08:00 ] ::1 /weiphp/index.php?s=/addon/Forms/FormsAttribute/lists/forms_id/16.html
ERR: 1054:Unknown column 'sort' in 'order clause'
 [ SQL语句 ] : SELECT `c_id`,`forms_id`,`c_title`,`c_name`,`c_detail`,`id` FROM `wp_forms_zujian` WHERE ( `forms_id` = 16 ) ORDER BY sort asc, id asc LIMIT 0,10  

[ 2015-05-27T10:22:25+08:00 ] ::1 /weiphp/index.php?s=/addon/Forms/FormsAttribute/lists/forms_id/16.html
ERR: 1054:Unknown column 'sort' in 'order clause'
 [ SQL语句 ] : SELECT `c_id`,`forms_id`,`c_title`,`c_name`,`c_detail`,`id` FROM `wp_forms_zujian` WHERE ( `forms_id` = 16 ) ORDER BY sort asc, id asc LIMIT 0,10  

[ 2015-05-27T10:24:09+08:00 ] ::1 /weiphp/index.php?s=/addon/Forms/FormsAttribute/lists/forms_id/16.html
ERR: 1054:Unknown column 'sort' in 'order clause'
 [ SQL语句 ] : SELECT `c_id`,`forms_id`,`c_title`,`c_name`,`c_detail`,`id` FROM `wp_forms_zujian` WHERE ( `forms_id` = 16 ) ORDER BY sort asc, id asc LIMIT 0,10  

[ 2015-05-27T10:28:04+08:00 ] ::1 /weiphp/index.php?s=/addon/Forms/FormsAttribute/lists/forms_id/16.html
ERR: 1054:Unknown column 'sort' in 'order clause'
 [ SQL语句 ] : SELECT `c_id`,`forms_id`,`c_title`,`c_name`,`c_detail`,`id` FROM `wp_forms_zujian` WHERE ( `forms_id` = 16 ) ORDER BY sort asc, id asc LIMIT 0,10  

[ 2015-05-27T10:28:29+08:00 ] ::1 /weiphp/index.php?s=/addon/Forms/FormsAttribute/lists/forms_id/16.html
ERR: 1054:Unknown column 'sort' in 'order clause'
 [ SQL语句 ] : SELECT `c_id`,`forms_id`,`c_title`,`c_name`,`c_detail`,`id` FROM `wp_forms_zujian` WHERE ( `forms_id` = 16 ) ORDER BY sort asc, id asc LIMIT 0,10  

[ 2015-05-27T10:32:00+08:00 ] ::1 /weiphp/index.php?s=/addon/Forms/FormsAttribute/lists/forms_id/16.html
ERR: 1054:Unknown column 'sort' in 'order clause'
 [ SQL语句 ] : SELECT `c_id`,`forms_id`,`c_title`,`c_name`,`c_detail`,`id` FROM `wp_forms_zujian` WHERE ( `forms_id` = 16 ) ORDER BY sort asc, id asc LIMIT 0,10  

[ 2015-05-27T10:32:27+08:00 ] ::1 /weiphp/index.php?s=/addon/Forms/FormsAttribute/lists/forms_id/16.html
ERR: 1054:Unknown column 'sort' in 'order clause'
 [ SQL语句 ] : SELECT `c_id`,`forms_id`,`c_title`,`c_name`,`c_detail`,`id` FROM `wp_forms_zujian` WHERE ( `forms_id` = 16 ) ORDER BY sort asc, id asc LIMIT 0,10  

[ 2015-05-27T10:33:57+08:00 ] ::1 /weiphp/index.php?s=/addon/Forms/FormsAttribute/lists/forms_id/16.html
ERR: 1054:Unknown column 'sort' in 'order clause'
 [ SQL语句 ] : SELECT `c_id`,`forms_id`,`c_title`,`c_name`,`c_detail`,`id` FROM `wp_forms_zujian` WHERE ( `forms_id` = 16 ) ORDER BY sort asc, id asc LIMIT 0,10  

[ 2015-05-27T10:40:42+08:00 ] ::1 /weiphp/index.php?s=/addon/Forms/FormsAttribute/lists/forms_id/16.html
ERR: 1054:Unknown column 'sort' in 'order clause'
 [ SQL语句 ] : SELECT `c_id`,`forms_id`,`c_title`,`c_name`,`c_detail`,`id` FROM `wp_forms_zujian` WHERE ( `forms_id` = 16 ) ORDER BY sort asc, id asc LIMIT 0,10  

[ 2015-05-27T10:42:24+08:00 ] ::1 /weiphp/index.php?s=/addon/Forms/FormsAttribute/lists/forms_id/16.html
ERR: 1054:Unknown column 'sort' in 'order clause'
 [ SQL语句 ] : SELECT `c_id`,`forms_id`,`c_title`,`c_name`,`c_detail`,`id` FROM `wp_forms_zujian` WHERE ( `forms_id` = 16 ) ORDER BY sort asc, id asc LIMIT 0,10  

[ 2015-05-27T10:43:00+08:00 ] ::1 /weiphp/index.php?s=/addon/Forms/FormsAttribute/lists/forms_id/16.html
ERR: 1054:Unknown column 'sort' in 'order clause'
 [ SQL语句 ] : SELECT `c_id`,`forms_id`,`c_title`,`c_name`,`c_detail`,`id` FROM `wp_forms_zujian` WHERE ( `forms_id` = 16 ) ORDER BY sort asc, id asc LIMIT 0,10  

[ 2015-05-27T10:44:33+08:00 ] ::1 /weiphp/index.php?s=/addon/Forms/FormsAttribute/lists/forms_id/16.html
ERR: 1054:Unknown column 'sort' in 'order clause'
 [ SQL语句 ] : SELECT `c_id`,`forms_id`,`c_title`,`c_name`,`c_detail`,`id` FROM `wp_forms_zujian` WHERE ( `forms_id` = 16 ) ORDER BY sort asc, id asc LIMIT 0,10  

[ 2015-05-27T10:46:13+08:00 ] ::1 /weiphp/index.php?s=/addon/Forms/FormsAttribute/lists/forms_id/16.html
ERR: 1054:Unknown column 'sort' in 'order clause'
 [ SQL语句 ] : SELECT `c_id`,`forms_id`,`c_title`,`c_name`,`c_detail`,`id` FROM `wp_forms_zujian` WHERE ( `forms_id` = 16 ) ORDER BY sort asc, id asc LIMIT 0,10  

[ 2015-05-27T10:53:14+08:00 ] ::1 /weiphp/index.php?s=/addon/Forms/FormsAttribute/lists/forms_id/16.html
ERR: 1054:Unknown column 'sort' in 'order clause'
 [ SQL语句 ] : SELECT `c_id`,`forms_id`,`c_title`,`c_name`,`c_detail`,`id` FROM `wp_forms_zujian` WHERE ( `forms_id` = 16 ) ORDER BY sort asc, id asc LIMIT 0,10  

[ 2015-05-27T10:55:52+08:00 ] ::1 /weiphp/index.php?s=/addon/Forms/FormsAttribute/lists/forms_id/16.html
ERR: 1054:Unknown column 'sort' in 'order clause'
 [ SQL语句 ] : SELECT `c_id`,`forms_id`,`c_title`,`c_name`,`c_detail`,`id` FROM `wp_forms_zujian` WHERE ( `forms_id` = 16 ) ORDER BY sort asc, id asc LIMIT 0,10  

[ 2015-05-27T10:57:44+08:00 ] ::1 /weiphp/index.php?s=/addon/Forms/FormsAttribute/lists/forms_id/16.html
ERR: 1054:Unknown column 'sort' in 'order clause'
 [ SQL语句 ] : SELECT `c_id`,`forms_id`,`c_title`,`c_name`,`c_detail`,`id` FROM `wp_forms_zujian` WHERE ( `forms_id` = 16 ) ORDER BY sort asc, id asc LIMIT 0,10  

[ 2015-05-27T10:59:23+08:00 ] ::1 /weiphp/index.php?s=/addon/Forms/FormsAttribute/lists/forms_id/16.html
ERR: 1054:Unknown column 'sort' in 'order clause'
 [ SQL语句 ] : SELECT `c_id`,`forms_id`,`c_title`,`c_name`,`c_detail`,`id` FROM `wp_forms_zujian` WHERE ( `forms_id` = 16 ) ORDER BY sort asc, id asc LIMIT 0,10  

[ 2015-05-27T11:00:04+08:00 ] ::1 /weiphp/index.php?s=/addon/Forms/FormsAttribute/lists/forms_id/16.html
ERR: 1054:Unknown column 'sort' in 'order clause'
 [ SQL语句 ] : SELECT `c_id`,`forms_id`,`c_title`,`c_name`,`c_detail`,`id` FROM `wp_forms_zujian` WHERE ( `forms_id` = 16 ) ORDER BY sort asc, id asc LIMIT 0,10  

[ 2015-05-27T11:01:16+08:00 ] ::1 /weiphp/index.php?s=/addon/Forms/FormsAttribute/lists/forms_id/16.html
ERR: 1054:Unknown column 'sort' in 'order clause'
 [ SQL语句 ] : SELECT `c_id`,`forms_id`,`c_title`,`c_name`,`c_detail`,`id` FROM `wp_forms_zujian` WHERE ( `forms_id` = 16 ) ORDER BY sort asc, id asc LIMIT 0,10  

[ 2015-05-27T11:02:57+08:00 ] ::1 /weiphp/index.php?s=/addon/Forms/FormsAttribute/lists/forms_id/16.html
ERR: 1054:Unknown column 'sort' in 'order clause'
 [ SQL语句 ] : SELECT `id`,`keyword`,`title`,`intro`,`cTime` FROM `wp_forms` WHERE ( `token` = 'gh_a58387e4aa4d' ) ORDER BY sort asc, id asc LIMIT 0,10  

[ 2015-05-27T11:03:46+08:00 ] ::1 /weiphp/index.php?s=/addon/Forms/FormsAttribute/lists/forms_id/16.html
ERR: 1054:Unknown column 'sort' in 'order clause'
 [ SQL语句 ] : SELECT `id`,`keyword`,`title`,`intro`,`cTime` FROM `wp_forms` WHERE ( `token` = 'gh_a58387e4aa4d' ) ORDER BY sort asc, id asc LIMIT 0,10  

[ 2015-05-27T11:04:26+08:00 ] ::1 /weiphp/index.php?s=/addon/Forms/FormsAttribute/lists/forms_id/16.html
ERR: 1054:Unknown column 'sort' in 'order clause'
 [ SQL语句 ] : SELECT `id`,`keyword`,`title`,`intro`,`cTime` FROM `wp_forms` WHERE ( `token` = 'gh_a58387e4aa4d' ) ORDER BY sort asc, id asc LIMIT 0,10  

[ 2015-05-27T11:05:20+08:00 ] ::1 /weiphp/index.php?s=/addon/Forms/FormsAttribute/lists/forms_id/16.html
ERR: 1054:Unknown column 'sort' in 'order clause'
 [ SQL语句 ] : SELECT `id`,`keyword`,`title`,`intro`,`cTime` FROM `wp_forms` WHERE ( `token` = 'gh_a58387e4aa4d' ) ORDER BY sort asc, id asc LIMIT 0,10  

[ 2015-05-27T11:05:55+08:00 ] ::1 /weiphp/index.php?s=/addon/Forms/FormsAttribute/lists/forms_id/16.html
ERR: 1054:Unknown column 'sort' in 'order clause'
 [ SQL语句 ] : SELECT `id`,`keyword`,`title`,`intro`,`cTime` FROM `wp_forms` WHERE ( `token` = 'gh_a58387e4aa4d' ) ORDER BY sort asc, id asc LIMIT 0,10  

[ 2015-05-27T11:09:32+08:00 ] ::1 /weiphp/index.php?s=/addon/Forms/FormsAttribute/lists/forms_id/16.html
ERR: 1054:Unknown column 'sort' in 'order clause'
 [ SQL语句 ] : SELECT `id`,`keyword`,`title`,`intro`,`cTime` FROM `wp_forms` WHERE ( `token` = 'gh_a58387e4aa4d' ) ORDER BY sort asc, id asc LIMIT 0,10  

[ 2015-05-27T11:09:55+08:00 ] ::1 /weiphp/index.php?s=/addon/Forms/FormsAttribute/lists/forms_id/16.html
ERR: 1054:Unknown column 'sort' in 'order clause'
 [ SQL语句 ] : SELECT `id`,`keyword`,`title`,`intro`,`cTime` FROM `wp_forms` WHERE ( `token` = 'gh_a58387e4aa4d' ) ORDER BY sort asc, id asc LIMIT 0,10  

[ 2015-05-27T11:10:05+08:00 ] ::1 /weiphp/index.php?s=/addon/Forms/FormsAttribute/lists/forms_id/16.html
ERR: 1054:Unknown column 'sort' in 'order clause'
 [ SQL语句 ] : SELECT `id`,`keyword`,`title`,`intro`,`cTime` FROM `wp_forms` WHERE ( `token` = 'gh_a58387e4aa4d' ) ORDER BY sort asc, id asc LIMIT 0,10  

[ 2015-05-27T11:13:47+08:00 ] ::1 /weiphp/index.php?s=/addon/Forms/FormsAttribute/lists/forms_id/16.html
ERR: 1054:Unknown column 'sort' in 'order clause'
 [ SQL语句 ] : SELECT `id`,`keyword`,`title`,`intro`,`cTime` FROM `wp_forms` WHERE ( `token` = 'gh_a58387e4aa4d' ) ORDER BY sort asc, id asc LIMIT 0,10  

[ 2015-05-27T11:23:56+08:00 ] ::1 /weiphp/index.php?s=/addon/Forms/FormsAttribute/lists/forms_id/16.html
ERR: 1054:Unknown column 'sort' in 'order clause'
 [ SQL语句 ] : SELECT `c_id`,`forms_id`,`c_title`,`c_name`,`c_detail`,`id` FROM `wp_forms_zujian` WHERE ( `forms_id` = 16 ) ORDER BY sort asc, id asc LIMIT 0,10  

[ 2015-05-27T11:27:48+08:00 ] ::1 /weiphp/index.php?s=/addon/Forms/FormsAttribute/lists/forms_id/16.html
ERR: 1054:Unknown column 'sort' in 'order clause'
 [ SQL语句 ] : SELECT `c_id`,`forms_id`,`c_title`,`c_name`,`c_detail`,`id` FROM `wp_forms_zujian` WHERE ( `forms_id` = 16 ) ORDER BY sort asc, id asc LIMIT 0,10  

[ 2015-05-27T11:31:53+08:00 ] ::1 /weiphp/index.php?s=/addon/Forms/FormsAttribute/lists/forms_id/16.html
ERR: 1054:Unknown column 'sort' in 'order clause'
 [ SQL语句 ] : SELECT `c_id`,`forms_id`,`c_title`,`c_name`,`c_detail`,`id` FROM `wp_forms_zujian` WHERE ( `forms_id` = 16 ) ORDER BY sort asc, id asc LIMIT 0,10  

[ 2015-05-27T11:33:33+08:00 ] ::1 /weiphp/index.php?s=/addon/Forms/FormsAttribute/lists/forms_id/16.html
ERR: 1054:Unknown column 'sort' in 'order clause'
 [ SQL语句 ] : SELECT `c_id`,`forms_id`,`c_title`,`c_name`,`c_detail`,`id` FROM `wp_forms_zujian` WHERE ( `forms_id` = 16 ) ORDER BY sort asc, id asc LIMIT 0,10  

[ 2015-05-27T11:34:06+08:00 ] ::1 /weiphp/index.php?s=/addon/Forms/FormsAttribute/lists/forms_id/16.html
ERR: 1054:Unknown column 'sort' in 'order clause'
 [ SQL语句 ] : SELECT `c_id`,`forms_id`,`c_title`,`c_name`,`c_detail`,`id` FROM `wp_forms_zujian` WHERE ( `forms_id` = 16 ) ORDER BY sort asc, id asc LIMIT 0,10  

[ 2015-05-27T11:34:19+08:00 ] ::1 /weiphp/index.php?s=/addon/Forms/FormsAttribute/lists/forms_id/16.html
ERR: 1054:Unknown column 'sort' in 'order clause'
 [ SQL语句 ] : SELECT `c_id`,`forms_id`,`c_title`,`c_name`,`c_detail`,`id` FROM `wp_forms_zujian` WHERE ( `forms_id` = 16 ) ORDER BY sort asc, id asc LIMIT 0,10  

[ 2015-05-27T11:34:51+08:00 ] ::1 /weiphp/index.php?s=/addon/Forms/FormsAttribute/lists/forms_id/16.html
ERR: 1054:Unknown column 'sort' in 'order clause'
 [ SQL语句 ] : SELECT `c_id`,`forms_id`,`c_title`,`c_name`,`c_detail`,`id` FROM `wp_forms_zujian` WHERE ( `forms_id` = 16 ) ORDER BY sort asc, id asc LIMIT 0,10  

[ 2015-05-27T11:35:26+08:00 ] ::1 /weiphp/index.php?s=/addon/Forms/FormsAttribute/lists/forms_id/16.html
ERR: 1054:Unknown column 'sort' in 'order clause'
 [ SQL语句 ] : SELECT `c_id`,`forms_id`,`c_title`,`c_name`,`c_detail`,`id` FROM `wp_forms_zujian` WHERE ( `forms_id` = 16 ) ORDER BY sort asc, id asc LIMIT 0,10  

[ 2015-05-27T11:35:37+08:00 ] ::1 /weiphp/index.php?s=/addon/Forms/FormsAttribute/lists/forms_id/16.html
ERR: 1054:Unknown column 'sort' in 'order clause'
 [ SQL语句 ] : SELECT `c_id`,`forms_id`,`c_title`,`c_name`,`c_detail`,`id` FROM `wp_forms_zujian` WHERE ( `forms_id` = 16 ) ORDER BY sort asc, id asc LIMIT 0,10  

[ 2015-05-27T11:36:41+08:00 ] ::1 /weiphp/index.php?s=/addon/Forms/FormsAttribute/lists/forms_id/16.html
ERR: 1054:Unknown column 'sort' in 'order clause'
 [ SQL语句 ] : SELECT `c_id`,`forms_id`,`c_title`,`c_name`,`c_detail`,`id` FROM `wp_forms_zujian` WHERE ( `forms_id` = 16 ) ORDER BY sort asc, id asc LIMIT 0,10  

[ 2015-05-27T11:37:01+08:00 ] ::1 /weiphp/index.php?s=/addon/Forms/FormsAttribute/lists/forms_id/16.html
ERR: 1054:Unknown column 'sort' in 'order clause'
 [ SQL语句 ] : SELECT `c_id`,`forms_id`,`c_title`,`c_name`,`c_detail`,`id` FROM `wp_forms_zujian` WHERE ( `forms_id` = 16 ) ORDER BY sort asc, id asc LIMIT 0,10  

[ 2015-05-27T11:37:59+08:00 ] ::1 /weiphp/index.php?s=/addon/Forms/FormsAttribute/lists/forms_id/16.html
ERR: 1054:Unknown column 'sort' in 'order clause'
 [ SQL语句 ] : SELECT `c_id`,`forms_id`,`c_title`,`c_name`,`c_detail`,`id` FROM `wp_forms_zujian` WHERE ( `forms_id` = 16 ) ORDER BY sort asc, id asc LIMIT 0,10  

[ 2015-05-27T11:38:37+08:00 ] ::1 /weiphp/index.php?s=/addon/Forms/FormsAttribute/lists/forms_id/16.html
ERR: 1054:Unknown column 'sort' in 'order clause'
 [ SQL语句 ] : SELECT `c_id`,`forms_id`,`c_title`,`c_name`,`c_detail`,`id` FROM `wp_forms_zujian` WHERE ( `forms_id` = 16 ) ORDER BY sort asc, id asc LIMIT 0,10  

[ 2015-05-27T11:45:21+08:00 ] ::1 /weiphp/index.php?s=/addon/Forms/FormsAttribute/lists/forms_id/16.html
ERR: 1054:Unknown column 'sort' in 'order clause'
 [ SQL语句 ] : SELECT `c_id`,`forms_id`,`c_title`,`c_name`,`c_detail`,`id` FROM `wp_forms_zujian` WHERE ( `forms_id` = 16 ) ORDER BY sort asc, id asc LIMIT 0,10  

[ 2015-05-27T11:46:52+08:00 ] ::1 /weiphp/index.php?s=/addon/Forms/FormsAttribute/lists/forms_id/16.html
ERR: 1054:Unknown column 'sort' in 'order clause'
 [ SQL语句 ] : SELECT `c_id`,`forms_id`,`c_title`,`c_name`,`c_detail`,`id` FROM `wp_forms_zujian` WHERE ( `forms_id` = 16 ) ORDER BY sort asc, id asc LIMIT 0,10  

[ 2015-05-27T11:48:33+08:00 ] ::1 /weiphp/index.php?s=/addon/Forms/FormsAttribute/lists/forms_id/16.html
ERR: 1054:Unknown column 'sort' in 'order clause'
 [ SQL语句 ] : SELECT `c_id`,`forms_id`,`c_title`,`c_name`,`c_detail`,`id` FROM `wp_forms_zujian` WHERE ( `forms_id` = 16 ) ORDER BY sort asc, id asc LIMIT 0,10  

[ 2015-05-27T11:48:52+08:00 ] ::1 /weiphp/index.php?s=/addon/Forms/FormsAttribute/lists/forms_id/16.html
ERR: 1054:Unknown column 'sort' in 'order clause'
 [ SQL语句 ] : SELECT `c_id`,`forms_id`,`c_title`,`c_name`,`c_detail`,`id` FROM `wp_forms_zujian` WHERE ( `forms_id` = 16 ) ORDER BY sort asc, id asc LIMIT 0,10  

[ 2015-05-27T11:49:31+08:00 ] ::1 /weiphp/index.php?s=/addon/Forms/FormsAttribute/lists/forms_id/16.html
ERR: 1054:Unknown column 'sort' in 'order clause'
 [ SQL语句 ] : SELECT `c_id`,`forms_id`,`c_title`,`c_name`,`c_detail`,`id` FROM `wp_forms_zujian` WHERE ( `forms_id` = 16 ) ORDER BY sort asc, id asc LIMIT 0,10  

[ 2015-05-27T11:49:47+08:00 ] ::1 /weiphp/index.php?s=/addon/Forms/FormsAttribute/lists/forms_id/16.html
ERR: 1054:Unknown column 'sort' in 'order clause'
 [ SQL语句 ] : SELECT `c_id`,`forms_id`,`c_title`,`c_name`,`c_detail`,`id` FROM `wp_forms_zujian` WHERE ( `forms_id` = 16 ) ORDER BY sort asc, id asc LIMIT 0,10  

[ 2015-05-27T11:50:40+08:00 ] ::1 /weiphp/index.php?s=/addon/Forms/FormsAttribute/lists/forms_id/16.html
ERR: 1054:Unknown column 'sort' in 'order clause'
 [ SQL语句 ] : SELECT `c_id`,`forms_id`,`c_title`,`c_name`,`c_detail`,`id` FROM `wp_forms_zujian` WHERE ( `forms_id` = 16 ) ORDER BY sort asc, id asc LIMIT 0,10  

[ 2015-05-27T12:08:19+08:00 ] ::1 /weiphp/index.php?s=/addon/Forms/FormsAttribute/lists/forms_id/16.html
ERR: 1054:Unknown column 'sort' in 'order clause'
 [ SQL语句 ] : SELECT `c_id`,`forms_id`,`c_title`,`c_name`,`c_detail`,`id` FROM `wp_forms_zujian` WHERE ( `forms_id` = 16 ) ORDER BY sort asc, id asc LIMIT 0,10  

[ 2015-05-27T12:13:31+08:00 ] ::1 /weiphp/index.php?s=/addon/Forms/FormsAttribute/lists/forms_id/16.html
ERR: 1054:Unknown column 'sort' in 'order clause'
 [ SQL语句 ] : SELECT `c_id`,`forms_id`,`c_title`,`c_name`,`c_detail`,`id` FROM `wp_forms_zujian` WHERE ( `forms_id` = 16 ) ORDER BY sort asc, id asc LIMIT 0,10  

[ 2015-05-27T12:14:57+08:00 ] ::1 /weiphp/index.php?s=/addon/Forms/FormsAttribute/lists/forms_id/16.html
ERR: 1054:Unknown column 'sort' in 'order clause'
 [ SQL语句 ] : SELECT `c_id`,`forms_id`,`c_title`,`c_name`,`c_detail`,`id` FROM `wp_forms_zujian` WHERE ( `forms_id` = 16 ) ORDER BY sort asc, id asc LIMIT 0,10  

[ 2015-05-27T12:15:31+08:00 ] ::1 /weiphp/index.php?s=/addon/Forms/FormsAttribute/lists/forms_id/16.html
ERR: 1054:Unknown column 'sort' in 'order clause'
 [ SQL语句 ] : SELECT `c_id`,`forms_id`,`c_title`,`c_name`,`c_detail`,`id` FROM `wp_forms_zujian` WHERE ( `forms_id` = 16 ) ORDER BY sort asc, id asc LIMIT 0,10  

[ 2015-05-27T12:16:11+08:00 ] ::1 /weiphp/index.php?s=/addon/Forms/FormsAttribute/lists/forms_id/16.html
ERR: 1054:Unknown column 'sort' in 'order clause'
 [ SQL语句 ] : SELECT `c_id`,`forms_id`,`c_title`,`c_name`,`c_detail`,`id` FROM `wp_forms_zujian` WHERE ( `forms_id` = 16 ) ORDER BY sort asc, id asc LIMIT 0,10  

[ 2015-05-27T12:16:12+08:00 ] ::1 /weiphp/index.php?s=/addon/Forms/FormsAttribute/getDataAndShow/16
ERR: Think\Controller:intval方法不存在！

[ 2015-05-27T12:16:53+08:00 ] ::1 /weiphp/index.php?s=/addon/Forms/FormsAttribute/lists/forms_id/16.html
ERR: 1054:Unknown column 'sort' in 'order clause'
 [ SQL语句 ] : SELECT `c_id`,`forms_id`,`c_title`,`c_name`,`c_detail`,`id` FROM `wp_forms_zujian` WHERE ( `forms_id` = 16 ) ORDER BY sort asc, id asc LIMIT 0,10  

[ 2015-05-27T12:18:07+08:00 ] ::1 /weiphp/index.php?s=/addon/Forms/FormsAttribute/lists/forms_id/16.html
ERR: 1054:Unknown column 'sort' in 'order clause'
 [ SQL语句 ] : SELECT `c_id`,`forms_id`,`c_title`,`c_name`,`c_detail`,`id` FROM `wp_forms_zujian` WHERE ( `forms_id` = 16 ) ORDER BY sort asc, id asc LIMIT 0,10  

[ 2015-05-27T12:18:24+08:00 ] ::1 /weiphp/index.php?s=/addon/Forms/FormsAttribute/lists/forms_id/15.html
ERR: 1054:Unknown column 'sort' in 'order clause'
 [ SQL语句 ] : SELECT `c_id`,`forms_id`,`c_title`,`c_name`,`c_detail`,`id` FROM `wp_forms_zujian` WHERE ( `forms_id` = 15 ) ORDER BY sort asc, id asc LIMIT 0,10  

[ 2015-05-27T12:18:45+08:00 ] ::1 /weiphp/index.php?s=/addon/Forms/FormsAttribute/lists/forms_id/15.html
ERR: 1054:Unknown column 'sort' in 'order clause'
 [ SQL语句 ] : SELECT `c_id`,`forms_id`,`c_title`,`c_name`,`c_detail`,`id` FROM `wp_forms_zujian` WHERE ( `forms_id` = 15 ) ORDER BY sort asc, id asc LIMIT 0,10  

[ 2015-05-27T12:19:22+08:00 ] ::1 /weiphp/index.php?s=/addon/Forms/FormsAttribute/lists/forms_id/15.html
ERR: 1054:Unknown column 'sort' in 'order clause'
 [ SQL语句 ] : SELECT `c_id`,`forms_id`,`c_title`,`c_name`,`c_detail`,`id` FROM `wp_forms_zujian` WHERE ( `forms_id` = 15 ) ORDER BY sort asc, id asc LIMIT 0,10  

[ 2015-05-27T12:22:24+08:00 ] ::1 /weiphp/index.php?s=/addon/Forms/FormsAttribute/lists/forms_id/15.html
ERR: 1054:Unknown column 'sort' in 'order clause'
 [ SQL语句 ] : SELECT `c_id`,`forms_id`,`c_title`,`c_name`,`c_detail`,`id` FROM `wp_forms_zujian` WHERE ( `forms_id` = 15 ) ORDER BY sort asc, id asc LIMIT 0,10  

[ 2015-05-27T12:31:17+08:00 ] ::1 /weiphp/index.php?s=/addon/Forms/FormsAttribute/lists/forms_id/15.html
ERR: 1054:Unknown column 'sort' in 'order clause'
 [ SQL语句 ] : SELECT `c_id`,`forms_id`,`c_title`,`c_name`,`c_detail`,`id` FROM `wp_forms_zujian` WHERE ( `forms_id` = 15 ) ORDER BY sort asc, id asc LIMIT 0,10  

[ 2015-05-27T12:31:58+08:00 ] ::1 /weiphp/index.php?s=/addon/Forms/FormsAttribute/lists/forms_id/15.html
ERR: 1054:Unknown column 'sort' in 'order clause'
 [ SQL语句 ] : SELECT `c_id`,`forms_id`,`c_title`,`c_name`,`c_detail`,`id` FROM `wp_forms_zujian` WHERE ( `forms_id` = 15 ) ORDER BY sort asc, id asc LIMIT 0,10  

[ 2015-05-27T12:32:42+08:00 ] ::1 /weiphp/index.php?s=/addon/Forms/FormsAttribute/lists/forms_id/15.html
ERR: 1054:Unknown column 'sort' in 'order clause'
 [ SQL语句 ] : SELECT `c_id`,`forms_id`,`c_title`,`c_name`,`c_detail`,`id` FROM `wp_forms_zujian` WHERE ( `forms_id` = 15 ) ORDER BY sort asc, id asc LIMIT 0,10  

[ 2015-05-27T12:36:24+08:00 ] ::1 /weiphp/index.php?s=/addon/Forms/FormsAttribute/lists/forms_id/15.html
ERR: 1054:Unknown column 'sort' in 'order clause'
 [ SQL语句 ] : SELECT `c_id`,`forms_id`,`c_title`,`c_name`,`c_detail`,`id` FROM `wp_forms_zujian` WHERE ( `forms_id` = 15 ) ORDER BY sort asc, id asc LIMIT 0,10  

[ 2015-05-27T12:37:11+08:00 ] ::1 /weiphp/index.php?s=/addon/Forms/FormsAttribute/lists/forms_id/15.html
ERR: 1054:Unknown column 'sort' in 'order clause'
 [ SQL语句 ] : SELECT `c_id`,`forms_id`,`c_title`,`c_name`,`c_detail`,`id` FROM `wp_forms_zujian` WHERE ( `forms_id` = 15 ) ORDER BY sort asc, id asc LIMIT 0,10  

[ 2015-05-27T12:41:29+08:00 ] ::1 /weiphp/index.php?s=/addon/Forms/FormsAttribute/lists/forms_id/15.html
ERR: 1054:Unknown column 'sort' in 'order clause'
 [ SQL语句 ] : SELECT `c_id`,`forms_id`,`c_title`,`c_name`,`c_detail`,`id` FROM `wp_forms_zujian` WHERE ( `forms_id` = 15 ) ORDER BY sort asc, id asc LIMIT 0,10  

[ 2015-05-27T12:42:07+08:00 ] ::1 /weiphp/index.php?s=/addon/Forms/FormsAttribute/lists/forms_id/15.html
ERR: 1054:Unknown column 'sort' in 'order clause'
 [ SQL语句 ] : SELECT `c_id`,`forms_id`,`c_title`,`c_name`,`c_detail`,`id` FROM `wp_forms_zujian` WHERE ( `forms_id` = 15 ) ORDER BY sort asc, id asc LIMIT 0,10  

[ 2015-05-27T12:43:10+08:00 ] ::1 /weiphp/index.php?s=/addon/Forms/FormsAttribute/lists/forms_id/15.html
ERR: 1054:Unknown column 'sort' in 'order clause'
 [ SQL语句 ] : SELECT `c_id`,`forms_id`,`c_title`,`c_name`,`c_detail`,`id` FROM `wp_forms_zujian` WHERE ( `forms_id` = 15 ) ORDER BY sort asc, id asc LIMIT 0,10  

[ 2015-05-27T12:43:32+08:00 ] ::1 /weiphp/index.php?s=/addon/Forms/FormsAttribute/lists/forms_id/15.html
ERR: 1054:Unknown column 'sort' in 'order clause'
 [ SQL语句 ] : SELECT `c_id`,`forms_id`,`c_title`,`c_name`,`c_detail`,`id` FROM `wp_forms_zujian` WHERE ( `forms_id` = 15 ) ORDER BY sort asc, id asc LIMIT 0,10  

[ 2015-05-27T12:44:46+08:00 ] ::1 /weiphp/index.php?s=/addon/Forms/FormsAttribute/lists/forms_id/15.html
ERR: 1054:Unknown column 'sort' in 'order clause'
 [ SQL语句 ] : SELECT `c_id`,`forms_id`,`c_title`,`c_name`,`c_detail`,`id` FROM `wp_forms_zujian` WHERE ( `forms_id` = 15 ) ORDER BY sort asc, id asc LIMIT 0,10  

[ 2015-05-27T12:46:36+08:00 ] ::1 /weiphp/index.php?s=/addon/Forms/FormsAttribute/lists/forms_id/15.html
ERR: 1054:Unknown column 'sort' in 'order clause'
 [ SQL语句 ] : SELECT `c_id`,`forms_id`,`c_title`,`c_name`,`c_detail`,`id` FROM `wp_forms_zujian` WHERE ( `forms_id` = 15 ) ORDER BY sort asc, id asc LIMIT 0,10  

[ 2015-05-27T12:47:11+08:00 ] ::1 /weiphp/index.php?s=/addon/Forms/FormsAttribute/lists/forms_id/15.html
ERR: 1054:Unknown column 'sort' in 'order clause'
 [ SQL语句 ] : SELECT `c_id`,`forms_id`,`c_title`,`c_name`,`c_detail`,`id` FROM `wp_forms_zujian` WHERE ( `forms_id` = 15 ) ORDER BY sort asc, id asc LIMIT 0,10  

[ 2015-05-27T12:48:06+08:00 ] ::1 /weiphp/index.php?s=/addon/Forms/FormsAttribute/lists/forms_id/15.html
ERR: 1054:Unknown column 'sort' in 'order clause'
 [ SQL语句 ] : SELECT `c_id`,`forms_id`,`c_title`,`c_name`,`c_detail`,`id` FROM `wp_forms_zujian` WHERE ( `forms_id` = 15 ) ORDER BY sort asc, id asc LIMIT 0,10  

[ 2015-05-27T12:48:41+08:00 ] ::1 /weiphp/index.php?s=/addon/Forms/FormsAttribute/lists/forms_id/15.html
ERR: 1054:Unknown column 'sort' in 'order clause'
 [ SQL语句 ] : SELECT `c_id`,`forms_id`,`c_title`,`c_name`,`c_detail`,`id` FROM `wp_forms_zujian` WHERE ( `forms_id` = 15 ) ORDER BY sort asc, id asc LIMIT 0,10  

[ 2015-05-27T12:50:08+08:00 ] ::1 /weiphp/index.php?s=/addon/Forms/FormsAttribute/lists/forms_id/15.html
ERR: 1054:Unknown column 'sort' in 'order clause'
 [ SQL语句 ] : SELECT `c_id`,`forms_id`,`c_title`,`c_name`,`c_detail`,`id` FROM `wp_forms_zujian` WHERE ( `forms_id` = 15 ) ORDER BY sort asc, id asc LIMIT 0,10  

[ 2015-05-27T13:30:44+08:00 ] ::1 /weiphp/index.php?s=/addon/Forms/FormsAttribute/lists/forms_id/16.html
ERR: 1054:Unknown column 'sort' in 'order clause'
 [ SQL语句 ] : SELECT `c_id`,`forms_id`,`c_title`,`c_name`,`c_detail`,`id` FROM `wp_forms_zujian` WHERE ( `forms_id` = 16 ) ORDER BY sort asc, id asc LIMIT 0,10  

[ 2015-05-27T13:41:24+08:00 ] ::1 /weiphp/index.php?s=/addon/Forms/FormsAttribute/lists/forms_id/16.html
ERR: 1054:Unknown column 'sort' in 'order clause'
 [ SQL语句 ] : SELECT `c_id`,`forms_id`,`c_title`,`c_name`,`c_detail`,`id` FROM `wp_forms_zujian` WHERE ( `forms_id` = 16 ) ORDER BY sort asc, id asc LIMIT 0,10  

[ 2015-05-27T13:41:55+08:00 ] ::1 /weiphp/index.php?s=/addon/Forms/FormsAttribute/lists/forms_id/16.html
ERR: 1054:Unknown column 'sort' in 'order clause'
 [ SQL语句 ] : SELECT `c_id`,`forms_id`,`c_title`,`c_name`,`c_detail`,`id` FROM `wp_forms_zujian` WHERE ( `forms_id` = 16 ) ORDER BY sort asc, id asc LIMIT 0,10  

[ 2015-05-27T13:41:57+08:00 ] ::1 /weiphp/index.php?s=/addon/Forms/FormsAttribute/lists/forms_id/16.html
ERR: 1054:Unknown column 'sort' in 'order clause'
 [ SQL语句 ] : SELECT `c_id`,`forms_id`,`c_title`,`c_name`,`c_detail`,`id` FROM `wp_forms_zujian` WHERE ( `forms_id` = 16 ) ORDER BY sort asc, id asc LIMIT 0,10  

[ 2015-05-27T13:42:01+08:00 ] ::1 /weiphp/index.php?s=/addon/Forms/FormsAttribute/lists/forms_id/16.html
ERR: 1054:Unknown column 'sort' in 'order clause'
 [ SQL语句 ] : SELECT `c_id`,`forms_id`,`c_title`,`c_name`,`c_detail`,`id` FROM `wp_forms_zujian` WHERE ( `forms_id` = 16 ) ORDER BY sort asc, id asc LIMIT 0,10  

[ 2015-05-27T13:42:35+08:00 ] ::1 /weiphp/index.php?s=/addon/Forms/FormsAttribute/lists/forms_id/16.html
ERR: 1054:Unknown column 'sort' in 'order clause'
 [ SQL语句 ] : SELECT `c_id`,`forms_id`,`c_title`,`c_name`,`c_detail`,`id` FROM `wp_forms_zujian` WHERE ( `forms_id` = 16 ) ORDER BY sort asc, id asc LIMIT 0,10  

[ 2015-05-27T13:43:05+08:00 ] ::1 /weiphp/index.php?s=/addon/Forms/FormsAttribute/lists/forms_id/16.html
ERR: 1054:Unknown column 'sort' in 'order clause'
 [ SQL语句 ] : SELECT `c_id`,`forms_id`,`c_title`,`c_name`,`c_detail`,`id` FROM `wp_forms_zujian` WHERE ( `forms_id` = 16 ) ORDER BY sort asc, id asc LIMIT 0,10  

[ 2015-05-27T13:55:10+08:00 ] ::1 /weiphp/index.php?s=/addon/Forms/FormsAttribute/dataPreview
ERR: Think\Controller:dataPreview方法不存在！

[ 2015-05-27T13:58:02+08:00 ] ::1 /weiphp/index.php?s=/addon/Forms/BiaoDan/rule/forms_id/16.html
ERR: 模板不存在:./Application/Home/View/default/Addons/rule.html

[ 2015-05-27T13:59:00+08:00 ] ::1 /weiphp/index.php?s=/addon/Forms/BiaoDan/rule/forms_id/16.html
ERR: Think\Controller:rule方法不存在！

[ 2015-05-27T13:59:29+08:00 ] ::1 /weiphp/index.php?s=/addon/Forms/BiaoDan/data/forms_id/16.html
ERR: 模板不存在:./Application/Home/View/default/Addons/data.html

[ 2015-05-27T14:00:49+08:00 ] ::1 /weiphp/index.php?s=/addon/Forms/BiaoDan/getDataAndShow/forms_id/16.html
ERR: 模板不存在:./Application/Home/View/default/Addons/getDataAndShow.html

[ 2015-05-27T14:11:05+08:00 ] ::1 /weiphp/index.php?s=/addon/Forms/BiaoDan/getDataAndShow/16
ERR: 模板不存在:./Application/Home/View/default/Addons/getDataAndShow.html

[ 2015-05-27T14:11:08+08:00 ] ::1 /weiphp/index.php?s=/addon/Forms/BiaoDan/getDataAndShow/16
ERR: 模板不存在:./Application/Home/View/default/Addons/getDataAndShow.html

[ 2015-05-27T14:11:11+08:00 ] ::1 /weiphp/index.php?s=/addon/Forms/BiaoDan/getDataAndShow/16
ERR: 模板不存在:./Application/Home/View/default/Addons/getDataAndShow.html

[ 2015-05-27T14:15:40+08:00 ] ::1 /weiphp/index.php?s=/addon/Forms/BiaoDan/getDataAndShow/16
ERR: 模板不存在:./Application/Home/View/default/Addons/getDataAndShow.html

[ 2015-05-27T14:20:11+08:00 ] ::1 /weiphp/index.php?s=/addon/Forms/Forms/forms_atrribute/id/16.html
ERR: Think\Controller:forms_atrribute方法不存在！

[ 2015-05-27T14:22:00+08:00 ] ::1 /weiphp/index.php?s=/addon/Forms/Forms/forms_atrribute/id/16.html
ERR: Think\Controller:forms_atrribute方法不存在！

[ 2015-05-27T14:24:04+08:00 ] ::1 /weiphp/index.php?s=/addon/Forms/FormsAttribute/dataPreview
ERR: Think\Controller:dataPreview方法不存在！

[ 2015-05-27T14:30:47+08:00 ] ::1 /weiphp/index.php?s=/addon/Forms/FormsAttribute/dataPreview
ERR: 模板不存在:./Application/Home/View/default/Addons/dataPreview.html

[ 2015-05-27T14:31:55+08:00 ] ::1 /weiphp/index.php?s=/addon/Forms/FormsAttribute/dataPreview
ERR: 模板不存在:./Application/Home/View/default/Addons/dataPreview.html

[ 2015-05-27T14:33:07+08:00 ] ::1 /weiphp/index.php?s=/addon/Forms/FormsAttribute/dataPreview
ERR: 模板不存在:./Application/Home/View/default/Addons/dataPreview.html

[ 2015-05-27T14:34:18+08:00 ] ::1 /weiphp/index.php?s=/addon/Forms/FormsAttribute/dataPreview
ERR: 模板不存在:./Application/Home/View/default/Addons/dataPreview.html

[ 2015-05-27T14:39:49+08:00 ] ::1 /weiphp/index.php?s=/addon/Forms/FormsAttribute/dataPreview
ERR: 模板不存在:./Application/Home/View/default/Addons/dataPreview.html

[ 2015-05-27T14:39:51+08:00 ] ::1 /weiphp/index.php?s=/addon/Forms/FormsAttribute/dataPreview
ERR: 模板不存在:./Application/Home/View/default/Addons/dataPreview.html

[ 2015-05-27T14:42:34+08:00 ] ::1 /weiphp/index.php?s=/addon/Forms/FormsAttribute/dataPreview
ERR: 模板不存在:./Application/Home/View/default/Addons/dataPreview.html

[ 2015-05-27T14:43:24+08:00 ] ::1 /weiphp/index.php?s=/addon/Forms/FormsAttribute/dataPreview
ERR: 模板不存在:./Application/Home/View/default/Addons/dataPreview.html

[ 2015-05-27T15:11:09+08:00 ] ::1 /weiphp/index.php?s=/addon/Forms/FormsAttribute/dataPreview
ERR: 模板不存在:./Application/Home/View/default/Addons/dataPreview.html

[ 2015-05-27T15:12:37+08:00 ] ::1 /weiphp/index.php?s=/addon/Forms/FormsAttribute/dataPreview
ERR: 模板不存在:./Application/Home/View/default/Addons/dataPreview.html

[ 2015-05-27T15:13:02+08:00 ] ::1 /weiphp/index.php?s=/addon/Forms/FormsAttribute/dataPreview
ERR: 模板不存在:./Application/Home/View/default/Addons/dataPreview.html

[ 2015-05-27T17:06:24+08:00 ] ::1 /weiphp/index.php?s=/addon/Forms/ZhongJiang/bufa/id/1/forms_id/16.html
ERR: Think\Controller:bufa方法不存在！

[ 2015-05-27T17:10:48+08:00 ] ::1 /weiphp/index.php?s=/addon/Forms/ZhongJiang/bufa/id/1/forms_id/16.html
ERR: Think\Controller:bufa方法不存在！

