[ 2015-05-16T16:40:58+08:00 ] ::1 /weiphp/index.php?s=/Admin/Attribute/update.html
ERR: 1060:Duplicate column name 'id'
 [ SQL语句 ] : 				CREATE TABLE IF NOT EXISTS `wp_forms_zhongjiang` (
				`id`  int(10) UNSIGNED NOT NULL AUTO_INCREMENT COMMENT '主键' ,
				`id`  int(10) NOT NULL  DEFAULT 0 COMMENT 'ID' ,
				PRIMARY KEY (`id`)
				)
				ENGINE=MyISAM
				DEFAULT CHARACTER SET=utf8 COLLATE=utf8_general_ci
				CHECKSUM=0
				ROW_FORMAT=DYNAMIC
				DELAY_KEY_WRITE=0
				;

[ 2015-05-16T16:41:16+08:00 ] ::1 /weiphp/index.php?s=/Admin/Attribute/update.html
ERR: 1060:Duplicate column name 'id'
 [ SQL语句 ] : 				CREATE TABLE IF NOT EXISTS `wp_forms_zhongjiang` (
				`id`  int(10) UNSIGNED NOT NULL AUTO_INCREMENT COMMENT '主键' ,
				`id`  int(10) NOT NULL  DEFAULT 0 COMMENT '获奖用户ID' ,
				PRIMARY KEY (`id`)
				)
				ENGINE=MyISAM
				DEFAULT CHARACTER SET=utf8 COLLATE=utf8_general_ci
				CHECKSUM=0
				ROW_FORMAT=DYNAMIC
				DELAY_KEY_WRITE=0
				;

